{"/Users/gabrielodame/nextjs14/food-app/services/recipe/__mock__/prisma.ts": {"path":"/Users/gabrielodame/nextjs14/food-app/services/recipe/__mock__/prisma.ts","statementMap":{"0":{"start":{"line":1,"column":13},"end":{"line":16,"column":2}}},"fnMap":{},"branchMap":{},"s":{"0":1},"f":{},"b":{}}
,"/Users/gabrielodame/nextjs14/food-app/services/recipe/__mock__/@gogittix/common.ts": {"path":"/Users/gabrielodame/nextjs14/food-app/services/recipe/__mock__/@gogittix/common.ts","statementMap":{"0":{"start":{"line":1,"column":27},"end":{"line":4,"column":1}},"1":{"start":{"line":2,"column":2},"end":{"line":2,"column":43}},"2":{"start":{"line":3,"column":2},"end":{"line":3,"column":9}},"3":{"start":{"line":1,"column":13},"end":{"line":1,"column":27}},"4":{"start":{"line":6,"column":27},"end":{"line":11,"column":1}},"5":{"start":{"line":7,"column":2},"end":{"line":9,"column":3}},"6":{"start":{"line":8,"column":4},"end":{"line":8,"column":67}},"7":{"start":{"line":10,"column":2},"end":{"line":10,"column":9}},"8":{"start":{"line":6,"column":13},"end":{"line":6,"column":27}},"9":{"start":{"line":13,"column":31},"end":{"line":15,"column":1}},"10":{"start":{"line":14,"column":2},"end":{"line":14,"column":9}},"11":{"start":{"line":13,"column":13},"end":{"line":13,"column":31}},"12":{"start":{"line":17,"column":28},"end":{"line":19,"column":1}},"13":{"start":{"line":18,"column":2},"end":{"line":18,"column":56}},"14":{"start":{"line":17,"column":13},"end":{"line":17,"column":28}},"15":{"start":{"line":23,"column":4},"end":{"line":23,"column":28}},"16":{"start":{"line":21,"column":0},"end":{"line":21,"column":13}},"17":{"start":{"line":29,"column":4},"end":{"line":29,"column":19}},"18":{"start":{"line":27,"column":0},"end":{"line":27,"column":13}},"19":{"start":{"line":35,"column":4},"end":{"line":35,"column":19}},"20":{"start":{"line":33,"column":0},"end":{"line":33,"column":13}}},"fnMap":{"0":{"name":"(anonymous_0)","decl":{"start":{"line":1,"column":27},"end":{"line":1,"column":28}},"loc":{"start":{"line":1,"column":61},"end":{"line":4,"column":1}}},"1":{"name":"(anonymous_1)","decl":{"start":{"line":6,"column":27},"end":{"line":6,"column":28}},"loc":{"start":{"line":6,"column":61},"end":{"line":11,"column":1}}},"2":{"name":"(anonymous_2)","decl":{"start":{"line":13,"column":31},"end":{"line":13,"column":32}},"loc":{"start":{"line":13,"column":67},"end":{"line":15,"column":1}}},"3":{"name":"(anonymous_3)","decl":{"start":{"line":17,"column":28},"end":{"line":17,"column":29}},"loc":{"start":{"line":17,"column":75},"end":{"line":19,"column":1}}},"4":{"name":"(anonymous_4)","decl":{"start":{"line":22,"column":2},"end":{"line":22,"column":null}},"loc":{"start":{"line":22,"column":2},"end":{"line":24,"column":3}}},"5":{"name":"(anonymous_5)","decl":{"start":{"line":28,"column":2},"end":{"line":28,"column":14}},"loc":{"start":{"line":28,"column":29},"end":{"line":30,"column":3}}},"6":{"name":"(anonymous_6)","decl":{"start":{"line":34,"column":2},"end":{"line":34,"column":14}},"loc":{"start":{"line":34,"column":29},"end":{"line":36,"column":3}}}},"branchMap":{"0":{"loc":{"start":{"line":7,"column":2},"end":{"line":9,"column":3}},"type":"if","locations":[{"start":{"line":7,"column":2},"end":{"line":9,"column":3}}]}},"s":{"0":1,"1":0,"2":0,"3":1,"4":1,"5":0,"6":0,"7":0,"8":1,"9":1,"10":0,"11":1,"12":1,"13":0,"14":1,"15":0,"16":1,"17":0,"18":1,"19":0,"20":1},"f":{"0":0,"1":0,"2":0,"3":0,"4":0,"5":0,"6":0},"b":{"0":[0]}}
,"/Users/gabrielodame/nextjs14/food-app/services/recipe/src/controllers/recipe.favorite.controller.ts": {"path":"/Users/gabrielodame/nextjs14/food-app/services/recipe/src/controllers/recipe.favorite.controller.ts","statementMap":{"0":{"start":{"line":2,"column":0},"end":{"line":2,"column":72}},"1":{"start":{"line":38,"column":4},"end":{"line":60,"column":5}},"2":{"start":{"line":39,"column":21},"end":{"line":39,"column":31}},"3":{"start":{"line":40,"column":23},"end":{"line":40,"column":39}},"4":{"start":{"line":42,"column":6},"end":{"line":44,"column":7}},"5":{"start":{"line":43,"column":8},"end":{"line":43,"column":68}},"6":{"start":{"line":46,"column":6},"end":{"line":48,"column":7}},"7":{"start":{"line":47,"column":8},"end":{"line":47,"column":71}},"8":{"start":{"line":51,"column":29},"end":{"line":53,"column":null}},"9":{"start":{"line":56,"column":6},"end":{"line":56,"column":73}},"10":{"start":{"line":58,"column":6},"end":{"line":58,"column":61}},"11":{"start":{"line":59,"column":6},"end":{"line":59,"column":63}},"12":{"start":{"line":86,"column":4},"end":{"line":111,"column":5}},"13":{"start":{"line":87,"column":21},"end":{"line":87,"column":31}},"14":{"start":{"line":88,"column":23},"end":{"line":88,"column":39}},"15":{"start":{"line":90,"column":6},"end":{"line":92,"column":7}},"16":{"start":{"line":91,"column":8},"end":{"line":91,"column":68}},"17":{"start":{"line":94,"column":6},"end":{"line":96,"column":7}},"18":{"start":{"line":95,"column":8},"end":{"line":95,"column":71}},"19":{"start":{"line":98,"column":21},"end":{"line":100,"column":null}},"20":{"start":{"line":103,"column":6},"end":{"line":105,"column":7}},"21":{"start":{"line":104,"column":8},"end":{"line":104,"column":67}},"22":{"start":{"line":107,"column":6},"end":{"line":107,"column":35}},"23":{"start":{"line":109,"column":6},"end":{"line":109,"column":55}},"24":{"start":{"line":110,"column":6},"end":{"line":110,"column":63}},"25":{"start":{"line":138,"column":4},"end":{"line":165,"column":5}},"26":{"start":{"line":139,"column":21},"end":{"line":139,"column":31}},"27":{"start":{"line":140,"column":23},"end":{"line":140,"column":39}},"28":{"start":{"line":142,"column":6},"end":{"line":144,"column":7}},"29":{"start":{"line":143,"column":8},"end":{"line":143,"column":68}},"30":{"start":{"line":146,"column":6},"end":{"line":148,"column":7}},"31":{"start":{"line":147,"column":8},"end":{"line":147,"column":71}},"32":{"start":{"line":150,"column":21},"end":{"line":152,"column":null}},"33":{"start":{"line":155,"column":6},"end":{"line":159,"column":7}},"34":{"start":{"line":156,"column":8},"end":{"line":158,"column":64}},"35":{"start":{"line":161,"column":6},"end":{"line":161,"column":35}},"36":{"start":{"line":163,"column":6},"end":{"line":163,"column":57}},"37":{"start":{"line":164,"column":6},"end":{"line":164,"column":63}},"38":{"start":{"line":169,"column":33},"end":{"line":169,"column":63}},"39":{"start":{"line":170,"column":0},"end":{"line":170,"column":40}}},"fnMap":{"0":{"name":"(anonymous_8)","decl":{"start":{"line":37,"column":8},"end":{"line":37,"column":25}},"loc":{"start":{"line":37,"column":53},"end":{"line":61,"column":null}}},"1":{"name":"(anonymous_10)","decl":{"start":{"line":85,"column":8},"end":{"line":85,"column":22}},"loc":{"start":{"line":85,"column":50},"end":{"line":112,"column":null}}},"2":{"name":"(anonymous_12)","decl":{"start":{"line":137,"column":8},"end":{"line":137,"column":24}},"loc":{"start":{"line":137,"column":52},"end":{"line":166,"column":null}}}},"branchMap":{"0":{"loc":{"start":{"line":42,"column":6},"end":{"line":44,"column":7}},"type":"if","locations":[{"start":{"line":42,"column":6},"end":{"line":44,"column":7}}]},"1":{"loc":{"start":{"line":46,"column":6},"end":{"line":48,"column":7}},"type":"if","locations":[{"start":{"line":46,"column":6},"end":{"line":48,"column":7}}]},"2":{"loc":{"start":{"line":90,"column":6},"end":{"line":92,"column":7}},"type":"if","locations":[{"start":{"line":90,"column":6},"end":{"line":92,"column":7}}]},"3":{"loc":{"start":{"line":94,"column":6},"end":{"line":96,"column":7}},"type":"if","locations":[{"start":{"line":94,"column":6},"end":{"line":96,"column":7}}]},"4":{"loc":{"start":{"line":103,"column":6},"end":{"line":105,"column":7}},"type":"if","locations":[{"start":{"line":103,"column":6},"end":{"line":105,"column":7}}]},"5":{"loc":{"start":{"line":142,"column":6},"end":{"line":144,"column":7}},"type":"if","locations":[{"start":{"line":142,"column":6},"end":{"line":144,"column":7}}]},"6":{"loc":{"start":{"line":146,"column":6},"end":{"line":148,"column":7}},"type":"if","locations":[{"start":{"line":146,"column":6},"end":{"line":148,"column":7}}]},"7":{"loc":{"start":{"line":155,"column":6},"end":{"line":159,"column":7}},"type":"if","locations":[{"start":{"line":155,"column":6},"end":{"line":159,"column":7}}]}},"s":{"0":1,"1":0,"2":0,"3":0,"4":0,"5":0,"6":0,"7":0,"8":0,"9":0,"10":0,"11":0,"12":1,"13":1,"14":1,"15":1,"16":0,"17":1,"18":0,"19":1,"20":1,"21":0,"22":1,"23":0,"24":0,"25":1,"26":1,"27":1,"28":1,"29":0,"30":1,"31":0,"32":1,"33":1,"34":0,"35":1,"36":0,"37":0,"38":1,"39":1},"f":{"0":0,"1":1,"2":1},"b":{"0":[0],"1":[0],"2":[0],"3":[0],"4":[0],"5":[0],"6":[0],"7":[0]}}
,"/Users/gabrielodame/nextjs14/food-app/services/recipe/src/services/recipe.favorite.service.ts": {"path":"/Users/gabrielodame/nextjs14/food-app/services/recipe/src/services/recipe.favorite.service.ts","statementMap":{"0":{"start":{"line":2,"column":0},"end":{"line":2,"column":45}},"1":{"start":{"line":3,"column":0},"end":{"line":3,"column":39}},"2":{"start":{"line":4,"column":0},"end":{"line":4,"column":71}},"3":{"start":{"line":10,"column":4},"end":{"line":10,"column":39}},"4":{"start":{"line":14,"column":4},"end":{"line":23,"column":5}},"5":{"start":{"line":15,"column":23},"end":{"line":17,"column":8}},"6":{"start":{"line":19,"column":6},"end":{"line":19,"column":24}},"7":{"start":{"line":21,"column":6},"end":{"line":21,"column":62}},"8":{"start":{"line":22,"column":6},"end":{"line":22,"column":66}},"9":{"start":{"line":30,"column":4},"end":{"line":53,"column":5}},"10":{"start":{"line":31,"column":31},"end":{"line":33,"column":8}},"11":{"start":{"line":35,"column":6},"end":{"line":44,"column":7}},"12":{"start":{"line":36,"column":8},"end":{"line":38,"column":11}},"13":{"start":{"line":40,"column":8},"end":{"line":43,"column":11}},"14":{"start":{"line":46,"column":6},"end":{"line":49,"column":8}},"15":{"start":{"line":51,"column":6},"end":{"line":51,"column":55}},"16":{"start":{"line":52,"column":6},"end":{"line":52,"column":59}},"17":{"start":{"line":60,"column":4},"end":{"line":85,"column":5}},"18":{"start":{"line":61,"column":31},"end":{"line":63,"column":8}},"19":{"start":{"line":65,"column":6},"end":{"line":67,"column":7}},"20":{"start":{"line":66,"column":8},"end":{"line":66,"column":62}},"21":{"start":{"line":69,"column":6},"end":{"line":71,"column":9}},"22":{"start":{"line":73,"column":6},"end":{"line":76,"column":9}},"23":{"start":{"line":78,"column":6},"end":{"line":81,"column":8}},"24":{"start":{"line":83,"column":6},"end":{"line":83,"column":57}},"25":{"start":{"line":84,"column":6},"end":{"line":84,"column":61}},"26":{"start":{"line":89,"column":30},"end":{"line":89,"column":57}},"27":{"start":{"line":90,"column":0},"end":{"line":90,"column":37}}},"fnMap":{"0":{"name":"(anonymous_8)","decl":{"start":{"line":9,"column":2},"end":{"line":9,"column":null}},"loc":{"start":{"line":9,"column":2},"end":{"line":11,"column":3}}},"1":{"name":"(anonymous_9)","decl":{"start":{"line":13,"column":8},"end":{"line":13,"column":25}},"loc":{"start":{"line":13,"column":58},"end":{"line":24,"column":null}}},"2":{"name":"(anonymous_11)","decl":{"start":{"line":26,"column":8},"end":{"line":26,"column":22}},"loc":{"start":{"line":28,"column":20},"end":{"line":54,"column":null}}},"3":{"name":"(anonymous_13)","decl":{"start":{"line":56,"column":8},"end":{"line":56,"column":24}},"loc":{"start":{"line":58,"column":20},"end":{"line":86,"column":null}}}},"branchMap":{"0":{"loc":{"start":{"line":35,"column":6},"end":{"line":44,"column":7}},"type":"if","locations":[{"start":{"line":35,"column":6},"end":{"line":44,"column":7}}]},"1":{"loc":{"start":{"line":65,"column":6},"end":{"line":67,"column":7}},"type":"if","locations":[{"start":{"line":65,"column":6},"end":{"line":67,"column":7}}]}},"s":{"0":1,"1":1,"2":1,"3":1,"4":0,"5":0,"6":0,"7":0,"8":0,"9":1,"10":1,"11":1,"12":1,"13":1,"14":1,"15":0,"16":0,"17":1,"18":1,"19":1,"20":0,"21":1,"22":1,"23":1,"24":0,"25":0,"26":1,"27":1},"f":{"0":1,"1":0,"2":1,"3":1},"b":{"0":[1],"1":[0]}}
,"/Users/gabrielodame/nextjs14/food-app/services/recipe/src/services/recipe.service.ts": {"path":"/Users/gabrielodame/nextjs14/food-app/services/recipe/src/services/recipe.service.ts","statementMap":{"0":{"start":{"line":3,"column":0},"end":{"line":3,"column":39}},"1":{"start":{"line":5,"column":0},"end":{"line":5,"column":null}},"2":{"start":{"line":10,"column":0},"end":{"line":10,"column":30}},"3":{"start":{"line":11,"column":0},"end":{"line":11,"column":68}},"4":{"start":{"line":15,"column":4},"end":{"line":15,"column":58}},"5":{"start":{"line":15,"column":27},"end":{"line":15,"column":58}},"6":{"start":{"line":17,"column":4},"end":{"line":17,"column":26}},"7":{"start":{"line":19,"column":19},"end":{"line":19,"column":37}},"8":{"start":{"line":31,"column":8},"end":{"line":31,"column":35}},"9":{"start":{"line":32,"column":17},"end":{"line":32,"column":62}},"10":{"start":{"line":34,"column":4},"end":{"line":113,"column":5}},"11":{"start":{"line":35,"column":24},"end":{"line":107,"column":8}},"12":{"start":{"line":43,"column":53},"end":{"line":47,"column":14}},"13":{"start":{"line":50,"column":55},"end":{"line":52,"column":14}},"14":{"start":{"line":55,"column":51},"end":{"line":62,"column":14}},"15":{"start":{"line":65,"column":40},"end":{"line":72,"column":14}},"16":{"start":{"line":75,"column":52},"end":{"line":82,"column":14}},"17":{"start":{"line":86,"column":52},"end":{"line":93,"column":14}},"18":{"start":{"line":96,"column":49},"end":{"line":103,"column":14}},"19":{"start":{"line":109,"column":6},"end":{"line":109,"column":23}},"20":{"start":{"line":111,"column":6},"end":{"line":111,"column":53}},"21":{"start":{"line":112,"column":6},"end":{"line":112,"column":76}},"22":{"start":{"line":121,"column":4},"end":{"line":121,"column":50}},"23":{"start":{"line":122,"column":15},"end":{"line":122,"column":36}},"24":{"start":{"line":123,"column":4},"end":{"line":123,"column":74}},"25":{"start":{"line":123,"column":19},"end":{"line":123,"column":74}},"26":{"start":{"line":135,"column":8},"end":{"line":135,"column":35}},"27":{"start":{"line":137,"column":4},"end":{"line":239,"column":5}},"28":{"start":{"line":138,"column":6},"end":{"line":138,"column":59}},"29":{"start":{"line":138,"column":28},"end":{"line":138,"column":59}},"30":{"start":{"line":139,"column":6},"end":{"line":139,"column":58}},"31":{"start":{"line":141,"column":21},"end":{"line":141,"column":39}},"32":{"start":{"line":142,"column":19},"end":{"line":142,"column":65}},"33":{"start":{"line":144,"column":21},"end":{"line":149,"column":8}},"34":{"start":{"line":151,"column":6},"end":{"line":153,"column":7}},"35":{"start":{"line":152,"column":8},"end":{"line":152,"column":39}},"36":{"start":{"line":155,"column":28},"end":{"line":233,"column":8}},"37":{"start":{"line":164,"column":54},"end":{"line":168,"column":14}},"38":{"start":{"line":172,"column":56},"end":{"line":174,"column":14}},"39":{"start":{"line":178,"column":51},"end":{"line":185,"column":14}},"40":{"start":{"line":189,"column":40},"end":{"line":196,"column":14}},"41":{"start":{"line":200,"column":52},"end":{"line":207,"column":14}},"42":{"start":{"line":211,"column":52},"end":{"line":218,"column":14}},"43":{"start":{"line":222,"column":49},"end":{"line":229,"column":14}},"44":{"start":{"line":235,"column":6},"end":{"line":235,"column":57}},"45":{"start":{"line":237,"column":6},"end":{"line":237,"column":53}},"46":{"start":{"line":238,"column":6},"end":{"line":238,"column":76}},"47":{"start":{"line":243,"column":4},"end":{"line":271,"column":5}},"48":{"start":{"line":244,"column":28},"end":{"line":244,"column":55}},"49":{"start":{"line":245,"column":6},"end":{"line":245,"column":73}},"50":{"start":{"line":247,"column":22},"end":{"line":252,"column":8}},"51":{"start":{"line":254,"column":6},"end":{"line":268,"column":10}},"52":{"start":{"line":254,"column":38},"end":{"line":268,"column":8}},"53":{"start":{"line":264,"column":19},"end":{"line":264,"column":47}},"54":{"start":{"line":270,"column":6},"end":{"line":270,"column":77}},"55":{"start":{"line":280,"column":24},"end":{"line":280,"column":51}},"56":{"start":{"line":282,"column":4},"end":{"line":302,"column":5}},"57":{"start":{"line":283,"column":21},"end":{"line":296,"column":8}},"58":{"start":{"line":298,"column":6},"end":{"line":298,"column":57}},"59":{"start":{"line":300,"column":6},"end":{"line":300,"column":53}},"60":{"start":{"line":301,"column":6},"end":{"line":301,"column":76}},"61":{"start":{"line":309,"column":4},"end":{"line":309,"column":57}},"62":{"start":{"line":309,"column":26},"end":{"line":309,"column":57}},"63":{"start":{"line":311,"column":4},"end":{"line":340,"column":5}},"64":{"start":{"line":312,"column":21},"end":{"line":312,"column":39}},"65":{"start":{"line":314,"column":26},"end":{"line":319,"column":8}},"66":{"start":{"line":321,"column":6},"end":{"line":323,"column":7}},"67":{"start":{"line":322,"column":8},"end":{"line":322,"column":34}},"68":{"start":{"line":325,"column":6},"end":{"line":327,"column":7}},"69":{"start":{"line":326,"column":8},"end":{"line":326,"column":39}},"70":{"start":{"line":329,"column":21},"end":{"line":331,"column":8}},"71":{"start":{"line":333,"column":6},"end":{"line":336,"column":8}},"72":{"start":{"line":338,"column":6},"end":{"line":338,"column":53}},"73":{"start":{"line":339,"column":6},"end":{"line":339,"column":76}},"74":{"start":{"line":344,"column":0},"end":{"line":344,"column":35}}},"fnMap":{"0":{"name":"(anonymous_8)","decl":{"start":{"line":14,"column":8},"end":{"line":14,"column":20}},"loc":{"start":{"line":14,"column":33},"end":{"line":114,"column":null}}},"1":{"name":"(anonymous_10)","decl":{"start":{"line":43,"column":36},"end":{"line":43,"column":37}},"loc":{"start":{"line":43,"column":53},"end":{"line":47,"column":14}}},"2":{"name":"(anonymous_11)","decl":{"start":{"line":50,"column":37},"end":{"line":50,"column":38}},"loc":{"start":{"line":50,"column":55},"end":{"line":52,"column":14}}},"3":{"name":"(anonymous_12)","decl":{"start":{"line":55,"column":36},"end":{"line":55,"column":37}},"loc":{"start":{"line":55,"column":51},"end":{"line":62,"column":14}}},"4":{"name":"(anonymous_13)","decl":{"start":{"line":65,"column":30},"end":{"line":65,"column":31}},"loc":{"start":{"line":65,"column":40},"end":{"line":72,"column":14}}},"5":{"name":"(anonymous_14)","decl":{"start":{"line":75,"column":38},"end":{"line":75,"column":39}},"loc":{"start":{"line":75,"column":52},"end":{"line":82,"column":14}}},"6":{"name":"(anonymous_15)","decl":{"start":{"line":86,"column":39},"end":{"line":86,"column":40}},"loc":{"start":{"line":86,"column":52},"end":{"line":93,"column":14}}},"7":{"name":"(anonymous_16)","decl":{"start":{"line":96,"column":38},"end":{"line":96,"column":39}},"loc":{"start":{"line":96,"column":49},"end":{"line":103,"column":14}}},"8":{"name":"(anonymous_17)","decl":{"start":{"line":116,"column":8},"end":{"line":116,"column":20}},"loc":{"start":{"line":117,"column":16},"end":{"line":240,"column":null}}},"9":{"name":"(anonymous_19)","decl":{"start":{"line":164,"column":37},"end":{"line":164,"column":38}},"loc":{"start":{"line":164,"column":54},"end":{"line":168,"column":14}}},"10":{"name":"(anonymous_20)","decl":{"start":{"line":172,"column":38},"end":{"line":172,"column":39}},"loc":{"start":{"line":172,"column":56},"end":{"line":174,"column":14}}},"11":{"name":"(anonymous_21)","decl":{"start":{"line":178,"column":36},"end":{"line":178,"column":37}},"loc":{"start":{"line":178,"column":51},"end":{"line":185,"column":14}}},"12":{"name":"(anonymous_22)","decl":{"start":{"line":189,"column":30},"end":{"line":189,"column":31}},"loc":{"start":{"line":189,"column":40},"end":{"line":196,"column":14}}},"13":{"name":"(anonymous_23)","decl":{"start":{"line":200,"column":38},"end":{"line":200,"column":39}},"loc":{"start":{"line":200,"column":52},"end":{"line":207,"column":14}}},"14":{"name":"(anonymous_24)","decl":{"start":{"line":211,"column":39},"end":{"line":211,"column":40}},"loc":{"start":{"line":211,"column":52},"end":{"line":218,"column":14}}},"15":{"name":"(anonymous_25)","decl":{"start":{"line":222,"column":38},"end":{"line":222,"column":39}},"loc":{"start":{"line":222,"column":49},"end":{"line":229,"column":14}}},"16":{"name":"(anonymous_26)","decl":{"start":{"line":242,"column":8},"end":{"line":242,"column":21}},"loc":{"start":{"line":242,"column":30},"end":{"line":272,"column":null}}},"17":{"name":"(anonymous_28)","decl":{"start":{"line":254,"column":25},"end":{"line":254,"column":26}},"loc":{"start":{"line":254,"column":38},"end":{"line":268,"column":8}}},"18":{"name":"(anonymous_29)","decl":{"start":{"line":264,"column":10},"end":{"line":264,"column":11}},"loc":{"start":{"line":264,"column":19},"end":{"line":264,"column":47}}},"19":{"name":"(anonymous_30)","decl":{"start":{"line":274,"column":8},"end":{"line":274,"column":21}},"loc":{"start":{"line":276,"column":12},"end":{"line":303,"column":null}}},"20":{"name":"(anonymous_32)","decl":{"start":{"line":305,"column":8},"end":{"line":305,"column":20}},"loc":{"start":{"line":307,"column":16},"end":{"line":341,"column":null}}}},"branchMap":{"0":{"loc":{"start":{"line":15,"column":4},"end":{"line":15,"column":58}},"type":"if","locations":[{"start":{"line":15,"column":4},"end":{"line":15,"column":58}}]},"1":{"loc":{"start":{"line":15,"column":9},"end":{"line":15,"column":25}},"type":"cond-expr","locations":[{"start":{"line":15,"column":12},"end":{"line":15,"column":14}},{"start":{"line":15,"column":9},"end":{"line":15,"column":25}}]},"2":{"loc":{"start":{"line":15,"column":9},"end":{"line":15,"column":14}},"type":"binary-expr","locations":[{"start":{"line":15,"column":9},"end":{"line":15,"column":14}},{"start":{"line":15,"column":9},"end":{"line":15,"column":14}}]},"3":{"loc":{"start":{"line":46,"column":20},"end":{"line":46,"column":43}},"type":"binary-expr","locations":[{"start":{"line":46,"column":20},"end":{"line":46,"column":35}},{"start":{"line":46,"column":39},"end":{"line":46,"column":43}}]},"4":{"loc":{"start":{"line":55,"column":20},"end":{"line":62,"column":15}},"type":"cond-expr","locations":[{"start":{"line":55,"column":30},"end":{"line":55,"column":32}},{"start":{"line":55,"column":20},"end":{"line":62,"column":15}}]},"5":{"loc":{"start":{"line":55,"column":20},"end":{"line":55,"column":32}},"type":"binary-expr","locations":[{"start":{"line":55,"column":20},"end":{"line":55,"column":32}},{"start":{"line":55,"column":20},"end":{"line":55,"column":32}}]},"6":{"loc":{"start":{"line":65,"column":20},"end":{"line":72,"column":15}},"type":"cond-expr","locations":[{"start":{"line":65,"column":24},"end":{"line":65,"column":26}},{"start":{"line":65,"column":20},"end":{"line":72,"column":15}}]},"7":{"loc":{"start":{"line":65,"column":20},"end":{"line":65,"column":26}},"type":"binary-expr","locations":[{"start":{"line":65,"column":20},"end":{"line":65,"column":26}},{"start":{"line":65,"column":20},"end":{"line":65,"column":26}}]},"8":{"loc":{"start":{"line":75,"column":20},"end":{"line":82,"column":15}},"type":"cond-expr","locations":[{"start":{"line":75,"column":32},"end":{"line":75,"column":34}},{"start":{"line":75,"column":20},"end":{"line":82,"column":15}}]},"9":{"loc":{"start":{"line":75,"column":20},"end":{"line":75,"column":34}},"type":"binary-expr","locations":[{"start":{"line":75,"column":20},"end":{"line":75,"column":34}},{"start":{"line":75,"column":20},"end":{"line":75,"column":34}}]},"10":{"loc":{"start":{"line":86,"column":20},"end":{"line":93,"column":15}},"type":"cond-expr","locations":[{"start":{"line":86,"column":33},"end":{"line":86,"column":35}},{"start":{"line":86,"column":20},"end":{"line":93,"column":15}}]},"11":{"loc":{"start":{"line":86,"column":20},"end":{"line":86,"column":35}},"type":"binary-expr","locations":[{"start":{"line":86,"column":20},"end":{"line":86,"column":35}},{"start":{"line":86,"column":20},"end":{"line":86,"column":35}}]},"12":{"loc":{"start":{"line":96,"column":20},"end":{"line":103,"column":15}},"type":"cond-expr","locations":[{"start":{"line":96,"column":32},"end":{"line":96,"column":34}},{"start":{"line":96,"column":20},"end":{"line":103,"column":15}}]},"13":{"loc":{"start":{"line":96,"column":20},"end":{"line":96,"column":34}},"type":"binary-expr","locations":[{"start":{"line":96,"column":20},"end":{"line":96,"column":34}},{"start":{"line":96,"column":20},"end":{"line":96,"column":34}}]},"14":{"loc":{"start":{"line":123,"column":4},"end":{"line":123,"column":74}},"type":"if","locations":[{"start":{"line":123,"column":4},"end":{"line":123,"column":74}}]},"15":{"loc":{"start":{"line":138,"column":6},"end":{"line":138,"column":59}},"type":"if","locations":[{"start":{"line":138,"column":6},"end":{"line":138,"column":59}}]},"16":{"loc":{"start":{"line":151,"column":6},"end":{"line":153,"column":7}},"type":"if","locations":[{"start":{"line":151,"column":6},"end":{"line":153,"column":7}}]},"17":{"loc":{"start":{"line":164,"column":20},"end":{"line":168,"column":15}},"type":"cond-expr","locations":[{"start":{"line":164,"column":31},"end":{"line":164,"column":33}},{"start":{"line":164,"column":20},"end":{"line":168,"column":15}}]},"18":{"loc":{"start":{"line":164,"column":20},"end":{"line":164,"column":33}},"type":"binary-expr","locations":[{"start":{"line":164,"column":20},"end":{"line":164,"column":33}},{"start":{"line":164,"column":20},"end":{"line":164,"column":33}}]},"19":{"loc":{"start":{"line":167,"column":20},"end":{"line":167,"column":43}},"type":"binary-expr","locations":[{"start":{"line":167,"column":20},"end":{"line":167,"column":35}},{"start":{"line":167,"column":39},"end":{"line":167,"column":43}}]},"20":{"loc":{"start":{"line":172,"column":20},"end":{"line":174,"column":15}},"type":"cond-expr","locations":[{"start":{"line":172,"column":32},"end":{"line":172,"column":34}},{"start":{"line":172,"column":20},"end":{"line":174,"column":15}}]},"21":{"loc":{"start":{"line":172,"column":20},"end":{"line":172,"column":34}},"type":"binary-expr","locations":[{"start":{"line":172,"column":20},"end":{"line":172,"column":34}},{"start":{"line":172,"column":20},"end":{"line":172,"column":34}}]},"22":{"loc":{"start":{"line":178,"column":20},"end":{"line":185,"column":15}},"type":"cond-expr","locations":[{"start":{"line":178,"column":30},"end":{"line":178,"column":32}},{"start":{"line":178,"column":20},"end":{"line":185,"column":15}}]},"23":{"loc":{"start":{"line":178,"column":20},"end":{"line":178,"column":32}},"type":"binary-expr","locations":[{"start":{"line":178,"column":20},"end":{"line":178,"column":32}},{"start":{"line":178,"column":20},"end":{"line":178,"column":32}}]},"24":{"loc":{"start":{"line":189,"column":20},"end":{"line":196,"column":15}},"type":"cond-expr","locations":[{"start":{"line":189,"column":24},"end":{"line":189,"column":26}},{"start":{"line":189,"column":20},"end":{"line":196,"column":15}}]},"25":{"loc":{"start":{"line":189,"column":20},"end":{"line":189,"column":26}},"type":"binary-expr","locations":[{"start":{"line":189,"column":20},"end":{"line":189,"column":26}},{"start":{"line":189,"column":20},"end":{"line":189,"column":26}}]},"26":{"loc":{"start":{"line":200,"column":20},"end":{"line":207,"column":15}},"type":"cond-expr","locations":[{"start":{"line":200,"column":32},"end":{"line":200,"column":34}},{"start":{"line":200,"column":20},"end":{"line":207,"column":15}}]},"27":{"loc":{"start":{"line":200,"column":20},"end":{"line":200,"column":34}},"type":"binary-expr","locations":[{"start":{"line":200,"column":20},"end":{"line":200,"column":34}},{"start":{"line":200,"column":20},"end":{"line":200,"column":34}}]},"28":{"loc":{"start":{"line":211,"column":20},"end":{"line":218,"column":15}},"type":"cond-expr","locations":[{"start":{"line":211,"column":33},"end":{"line":211,"column":35}},{"start":{"line":211,"column":20},"end":{"line":218,"column":15}}]},"29":{"loc":{"start":{"line":211,"column":20},"end":{"line":211,"column":35}},"type":"binary-expr","locations":[{"start":{"line":211,"column":20},"end":{"line":211,"column":35}},{"start":{"line":211,"column":20},"end":{"line":211,"column":35}}]},"30":{"loc":{"start":{"line":222,"column":20},"end":{"line":229,"column":15}},"type":"cond-expr","locations":[{"start":{"line":222,"column":32},"end":{"line":222,"column":34}},{"start":{"line":222,"column":20},"end":{"line":229,"column":15}}]},"31":{"loc":{"start":{"line":222,"column":20},"end":{"line":222,"column":34}},"type":"binary-expr","locations":[{"start":{"line":222,"column":20},"end":{"line":222,"column":34}},{"start":{"line":222,"column":20},"end":{"line":222,"column":34}}]},"32":{"loc":{"start":{"line":244,"column":28},"end":{"line":244,"column":55}},"type":"binary-expr","locations":[{"start":{"line":244,"column":28},"end":{"line":244,"column":48}},{"start":{"line":244,"column":52},"end":{"line":244,"column":55}}]},"33":{"loc":{"start":{"line":244,"column":28},"end":{"line":244,"column":48}},"type":"cond-expr","locations":[{"start":{"line":244,"column":44},"end":{"line":244,"column":46}},{"start":{"line":244,"column":44},"end":{"line":244,"column":48}}]},"34":{"loc":{"start":{"line":244,"column":28},"end":{"line":244,"column":46}},"type":"binary-expr","locations":[{"start":{"line":244,"column":28},"end":{"line":244,"column":46}},{"start":{"line":244,"column":44},"end":{"line":244,"column":46}}]},"35":{"loc":{"start":{"line":244,"column":28},"end":{"line":244,"column":44}},"type":"cond-expr","locations":[{"start":{"line":244,"column":31},"end":{"line":244,"column":33}},{"start":{"line":244,"column":28},"end":{"line":244,"column":44}}]},"36":{"loc":{"start":{"line":244,"column":28},"end":{"line":244,"column":33}},"type":"binary-expr","locations":[{"start":{"line":244,"column":28},"end":{"line":244,"column":33}},{"start":{"line":244,"column":28},"end":{"line":244,"column":33}}]},"37":{"loc":{"start":{"line":280,"column":24},"end":{"line":280,"column":51}},"type":"binary-expr","locations":[{"start":{"line":280,"column":24},"end":{"line":280,"column":44}},{"start":{"line":280,"column":48},"end":{"line":280,"column":51}}]},"38":{"loc":{"start":{"line":280,"column":24},"end":{"line":280,"column":44}},"type":"cond-expr","locations":[{"start":{"line":280,"column":40},"end":{"line":280,"column":42}},{"start":{"line":280,"column":40},"end":{"line":280,"column":44}}]},"39":{"loc":{"start":{"line":280,"column":24},"end":{"line":280,"column":42}},"type":"binary-expr","locations":[{"start":{"line":280,"column":24},"end":{"line":280,"column":42}},{"start":{"line":280,"column":40},"end":{"line":280,"column":42}}]},"40":{"loc":{"start":{"line":280,"column":24},"end":{"line":280,"column":40}},"type":"cond-expr","locations":[{"start":{"line":280,"column":27},"end":{"line":280,"column":29}},{"start":{"line":280,"column":24},"end":{"line":280,"column":40}}]},"41":{"loc":{"start":{"line":280,"column":24},"end":{"line":280,"column":29}},"type":"binary-expr","locations":[{"start":{"line":280,"column":24},"end":{"line":280,"column":29}},{"start":{"line":280,"column":24},"end":{"line":280,"column":29}}]},"42":{"loc":{"start":{"line":309,"column":4},"end":{"line":309,"column":57}},"type":"if","locations":[{"start":{"line":309,"column":4},"end":{"line":309,"column":57}}]},"43":{"loc":{"start":{"line":321,"column":6},"end":{"line":323,"column":7}},"type":"if","locations":[{"start":{"line":321,"column":6},"end":{"line":323,"column":7}}]},"44":{"loc":{"start":{"line":325,"column":6},"end":{"line":327,"column":7}},"type":"if","locations":[{"start":{"line":325,"column":6},"end":{"line":327,"column":7}}]}},"s":{"0":1,"1":1,"2":1,"3":1,"4":0,"5":0,"6":0,"7":0,"8":0,"9":0,"10":0,"11":0,"12":0,"13":0,"14":0,"15":0,"16":0,"17":0,"18":0,"19":0,"20":0,"21":0,"22":0,"23":0,"24":0,"25":0,"26":0,"27":0,"28":0,"29":0,"30":0,"31":0,"32":0,"33":0,"34":0,"35":0,"36":0,"37":0,"38":0,"39":0,"40":0,"41":0,"42":0,"43":0,"44":0,"45":0,"46":0,"47":0,"48":0,"49":0,"50":0,"51":0,"52":0,"53":0,"54":0,"55":0,"56":0,"57":0,"58":0,"59":0,"60":0,"61":0,"62":0,"63":0,"64":0,"65":0,"66":0,"67":0,"68":0,"69":0,"70":0,"71":0,"72":0,"73":0,"74":1},"f":{"0":0,"1":0,"2":0,"3":0,"4":0,"5":0,"6":0,"7":0,"8":0,"9":0,"10":0,"11":0,"12":0,"13":0,"14":0,"15":0,"16":0,"17":0,"18":0,"19":0,"20":0},"b":{"0":[0],"1":[0,0],"2":[0,0],"3":[0,0],"4":[0,0],"5":[0,0],"6":[0,0],"7":[0,0],"8":[0,0],"9":[0,0],"10":[0,0],"11":[0,0],"12":[0,0],"13":[0,0],"14":[0],"15":[0],"16":[0],"17":[0,0],"18":[0,0],"19":[0,0],"20":[0,0],"21":[0,0],"22":[0,0],"23":[0,0],"24":[0,0],"25":[0,0],"26":[0,0],"27":[0,0],"28":[0,0],"29":[0,0],"30":[0,0],"31":[0,0],"32":[0,0],"33":[0,0],"34":[0,0],"35":[0,0],"36":[0,0],"37":[0,0],"38":[0,0],"39":[0,0],"40":[0,0],"41":[0,0],"42":[0],"43":[0],"44":[0]}}
,"/Users/gabrielodame/nextjs14/food-app/services/recipe/src/utils/formatRecipeRespons.ts": {"path":"/Users/gabrielodame/nextjs14/food-app/services/recipe/src/utils/formatRecipeRespons.ts","statementMap":{"0":{"start":{"line":1,"column":0},"end":{"line":1,"column":39}},"1":{"start":{"line":3,"column":36},"end":{"line":88,"column":2}},"2":{"start":{"line":6,"column":4},"end":{"line":88,"column":2}},"3":{"start":{"line":7,"column":2},"end":{"line":9,"column":3}},"4":{"start":{"line":8,"column":4},"end":{"line":8,"column":48}},"5":{"start":{"line":12,"column":20},"end":{"line":14,"column":4}},"6":{"start":{"line":18,"column":4},"end":{"line":19,"column":9}},"7":{"start":{"line":18,"column":44},"end":{"line":18,"column":73}},"8":{"start":{"line":21,"column":2},"end":{"line":87,"column":4}},"9":{"start":{"line":34,"column":44},"end":{"line":41,"column":9}},"10":{"start":{"line":45,"column":54},"end":{"line":48,"column":9}},"11":{"start":{"line":52,"column":44},"end":{"line":55,"column":9}},"12":{"start":{"line":59,"column":38},"end":{"line":62,"column":9}},"13":{"start":{"line":66,"column":44},"end":{"line":69,"column":9}},"14":{"start":{"line":73,"column":50},"end":{"line":76,"column":9}},"15":{"start":{"line":80,"column":47},"end":{"line":83,"column":9}},"16":{"start":{"line":3,"column":13},"end":{"line":3,"column":36}}},"fnMap":{"0":{"name":"(anonymous_7)","decl":{"start":{"line":3,"column":36},"end":{"line":3,"column":null}},"loc":{"start":{"line":6,"column":4},"end":{"line":88,"column":2}}},"1":{"name":"(anonymous_8)","decl":{"start":{"line":6,"column":4},"end":{"line":6,"column":null}},"loc":{"start":{"line":6,"column":4},"end":{"line":88,"column":1}}},"2":{"name":"(anonymous_9)","decl":{"start":{"line":18,"column":30},"end":{"line":18,"column":31}},"loc":{"start":{"line":18,"column":44},"end":{"line":18,"column":73}}},"3":{"name":"(anonymous_10)","decl":{"start":{"line":34,"column":31},"end":{"line":34,"column":32}},"loc":{"start":{"line":34,"column":43},"end":{"line":41,"column":9}}},"4":{"name":"(anonymous_11)","decl":{"start":{"line":45,"column":32},"end":{"line":45,"column":33}},"loc":{"start":{"line":45,"column":53},"end":{"line":48,"column":9}}},"5":{"name":"(anonymous_12)","decl":{"start":{"line":52,"column":30},"end":{"line":52,"column":31}},"loc":{"start":{"line":52,"column":43},"end":{"line":55,"column":9}}},"6":{"name":"(anonymous_13)","decl":{"start":{"line":59,"column":24},"end":{"line":59,"column":25}},"loc":{"start":{"line":59,"column":37},"end":{"line":62,"column":9}}},"7":{"name":"(anonymous_14)","decl":{"start":{"line":66,"column":27},"end":{"line":66,"column":28}},"loc":{"start":{"line":66,"column":43},"end":{"line":69,"column":9}}},"8":{"name":"(anonymous_15)","decl":{"start":{"line":73,"column":32},"end":{"line":73,"column":33}},"loc":{"start":{"line":73,"column":49},"end":{"line":76,"column":9}}},"9":{"name":"(anonymous_16)","decl":{"start":{"line":80,"column":32},"end":{"line":80,"column":33}},"loc":{"start":{"line":80,"column":46},"end":{"line":83,"column":9}}}},"branchMap":{"0":{"loc":{"start":{"line":7,"column":2},"end":{"line":9,"column":3}},"type":"if","locations":[{"start":{"line":7,"column":2},"end":{"line":9,"column":3}}]},"1":{"loc":{"start":{"line":18,"column":4},"end":{"line":19,"column":9}},"type":"cond-expr","locations":[{"start":{"line":18,"column":74},"end":{"line":18,"column":null}},{"start":{"line":19,"column":4},"end":{"line":19,"column":9}}]},"2":{"loc":{"start":{"line":18,"column":4},"end":{"line":18,"column":null}},"type":"binary-expr","locations":[{"start":{"line":18,"column":4},"end":{"line":18,"column":null}},{"start":{"line":18,"column":74},"end":{"line":18,"column":null}}]},"3":{"loc":{"start":{"line":18,"column":4},"end":{"line":18,"column":74}},"type":"cond-expr","locations":[{"start":{"line":18,"column":23},"end":{"line":18,"column":25}},{"start":{"line":18,"column":23},"end":{"line":18,"column":74}}]},"4":{"loc":{"start":{"line":18,"column":4},"end":{"line":18,"column":25}},"type":"binary-expr","locations":[{"start":{"line":18,"column":4},"end":{"line":18,"column":25}},{"start":{"line":18,"column":23},"end":{"line":18,"column":25}}]},"5":{"loc":{"start":{"line":18,"column":4},"end":{"line":18,"column":23}},"type":"cond-expr","locations":[{"start":{"line":18,"column":10},"end":{"line":18,"column":12}},{"start":{"line":18,"column":4},"end":{"line":18,"column":23}}]},"6":{"loc":{"start":{"line":18,"column":4},"end":{"line":18,"column":12}},"type":"binary-expr","locations":[{"start":{"line":18,"column":4},"end":{"line":18,"column":12}},{"start":{"line":18,"column":4},"end":{"line":18,"column":12}}]},"7":{"loc":{"start":{"line":18,"column":44},"end":{"line":18,"column":55}},"type":"cond-expr","locations":[{"start":{"line":18,"column":47},"end":{"line":18,"column":49}},{"start":{"line":18,"column":44},"end":{"line":18,"column":55}}]},"8":{"loc":{"start":{"line":18,"column":44},"end":{"line":18,"column":49}},"type":"binary-expr","locations":[{"start":{"line":18,"column":44},"end":{"line":18,"column":49}},{"start":{"line":18,"column":44},"end":{"line":18,"column":49}}]},"9":{"loc":{"start":{"line":22,"column":8},"end":{"line":22,"column":26}},"type":"cond-expr","locations":[{"start":{"line":22,"column":18},"end":{"line":22,"column":22}},{"start":{"line":22,"column":22},"end":{"line":22,"column":26}}]},"10":{"loc":{"start":{"line":22,"column":8},"end":{"line":22,"column":22}},"type":"binary-expr","locations":[{"start":{"line":22,"column":8},"end":{"line":22,"column":22}},{"start":{"line":22,"column":18},"end":{"line":22,"column":22}}]},"11":{"loc":{"start":{"line":22,"column":8},"end":{"line":22,"column":18}},"type":"cond-expr","locations":[{"start":{"line":22,"column":14},"end":{"line":22,"column":16}},{"start":{"line":22,"column":8},"end":{"line":22,"column":18}}]},"12":{"loc":{"start":{"line":22,"column":8},"end":{"line":22,"column":16}},"type":"binary-expr","locations":[{"start":{"line":22,"column":8},"end":{"line":22,"column":16}},{"start":{"line":22,"column":8},"end":{"line":22,"column":16}}]},"13":{"loc":{"start":{"line":23,"column":11},"end":{"line":23,"column":30}},"type":"cond-expr","locations":[{"start":{"line":23,"column":24},"end":{"line":23,"column":28}},{"start":{"line":23,"column":28},"end":{"line":23,"column":30}}]},"14":{"loc":{"start":{"line":23,"column":11},"end":{"line":23,"column":28}},"type":"binary-expr","locations":[{"start":{"line":23,"column":11},"end":{"line":23,"column":28}},{"start":{"line":23,"column":24},"end":{"line":23,"column":28}}]},"15":{"loc":{"start":{"line":23,"column":11},"end":{"line":23,"column":24}},"type":"cond-expr","locations":[{"start":{"line":23,"column":17},"end":{"line":23,"column":19}},{"start":{"line":23,"column":11},"end":{"line":23,"column":24}}]},"16":{"loc":{"start":{"line":23,"column":11},"end":{"line":23,"column":19}},"type":"binary-expr","locations":[{"start":{"line":23,"column":11},"end":{"line":23,"column":19}},{"start":{"line":23,"column":11},"end":{"line":23,"column":19}}]},"17":{"loc":{"start":{"line":24,"column":10},"end":{"line":24,"column":28}},"type":"cond-expr","locations":[{"start":{"line":24,"column":22},"end":{"line":24,"column":26}},{"start":{"line":24,"column":26},"end":{"line":24,"column":28}}]},"18":{"loc":{"start":{"line":24,"column":10},"end":{"line":24,"column":26}},"type":"binary-expr","locations":[{"start":{"line":24,"column":10},"end":{"line":24,"column":26}},{"start":{"line":24,"column":22},"end":{"line":24,"column":26}}]},"19":{"loc":{"start":{"line":24,"column":10},"end":{"line":24,"column":22}},"type":"cond-expr","locations":[{"start":{"line":24,"column":16},"end":{"line":24,"column":18}},{"start":{"line":24,"column":10},"end":{"line":24,"column":22}}]},"20":{"loc":{"start":{"line":24,"column":10},"end":{"line":24,"column":18}},"type":"binary-expr","locations":[{"start":{"line":24,"column":10},"end":{"line":24,"column":18}},{"start":{"line":24,"column":10},"end":{"line":24,"column":18}}]},"21":{"loc":{"start":{"line":25,"column":14},"end":{"line":25,"column":36}},"type":"cond-expr","locations":[{"start":{"line":25,"column":30},"end":{"line":25,"column":34}},{"start":{"line":25,"column":34},"end":{"line":25,"column":36}}]},"22":{"loc":{"start":{"line":25,"column":14},"end":{"line":25,"column":34}},"type":"binary-expr","locations":[{"start":{"line":25,"column":14},"end":{"line":25,"column":34}},{"start":{"line":25,"column":30},"end":{"line":25,"column":34}}]},"23":{"loc":{"start":{"line":25,"column":14},"end":{"line":25,"column":30}},"type":"cond-expr","locations":[{"start":{"line":25,"column":20},"end":{"line":25,"column":22}},{"start":{"line":25,"column":14},"end":{"line":25,"column":30}}]},"24":{"loc":{"start":{"line":25,"column":14},"end":{"line":25,"column":22}},"type":"binary-expr","locations":[{"start":{"line":25,"column":14},"end":{"line":25,"column":22}},{"start":{"line":25,"column":14},"end":{"line":25,"column":22}}]},"25":{"loc":{"start":{"line":26,"column":17},"end":{"line":26,"column":42}},"type":"cond-expr","locations":[{"start":{"line":26,"column":36},"end":{"line":26,"column":40}},{"start":{"line":26,"column":40},"end":{"line":26,"column":42}}]},"26":{"loc":{"start":{"line":26,"column":17},"end":{"line":26,"column":40}},"type":"binary-expr","locations":[{"start":{"line":26,"column":17},"end":{"line":26,"column":40}},{"start":{"line":26,"column":36},"end":{"line":26,"column":40}}]},"27":{"loc":{"start":{"line":26,"column":17},"end":{"line":26,"column":36}},"type":"cond-expr","locations":[{"start":{"line":26,"column":23},"end":{"line":26,"column":25}},{"start":{"line":26,"column":17},"end":{"line":26,"column":36}}]},"28":{"loc":{"start":{"line":26,"column":17},"end":{"line":26,"column":25}},"type":"binary-expr","locations":[{"start":{"line":26,"column":17},"end":{"line":26,"column":25}},{"start":{"line":26,"column":17},"end":{"line":26,"column":25}}]},"29":{"loc":{"start":{"line":27,"column":12},"end":{"line":27,"column":34}},"type":"cond-expr","locations":[{"start":{"line":27,"column":26},"end":{"line":27,"column":30}},{"start":{"line":27,"column":30},"end":{"line":27,"column":34}}]},"30":{"loc":{"start":{"line":27,"column":12},"end":{"line":27,"column":30}},"type":"binary-expr","locations":[{"start":{"line":27,"column":12},"end":{"line":27,"column":30}},{"start":{"line":27,"column":26},"end":{"line":27,"column":30}}]},"31":{"loc":{"start":{"line":27,"column":12},"end":{"line":27,"column":26}},"type":"cond-expr","locations":[{"start":{"line":27,"column":18},"end":{"line":27,"column":20}},{"start":{"line":27,"column":12},"end":{"line":27,"column":26}}]},"32":{"loc":{"start":{"line":27,"column":12},"end":{"line":27,"column":20}},"type":"binary-expr","locations":[{"start":{"line":27,"column":12},"end":{"line":27,"column":20}},{"start":{"line":27,"column":12},"end":{"line":27,"column":20}}]},"33":{"loc":{"start":{"line":28,"column":20},"end":{"line":28,"column":52}},"type":"cond-expr","locations":[{"start":{"line":28,"column":47},"end":{"line":28,"column":51}},{"start":{"line":28,"column":51},"end":{"line":28,"column":52}}]},"34":{"loc":{"start":{"line":28,"column":20},"end":{"line":28,"column":51}},"type":"binary-expr","locations":[{"start":{"line":28,"column":20},"end":{"line":28,"column":51}},{"start":{"line":28,"column":47},"end":{"line":28,"column":51}}]},"35":{"loc":{"start":{"line":28,"column":20},"end":{"line":28,"column":47}},"type":"cond-expr","locations":[{"start":{"line":28,"column":39},"end":{"line":28,"column":41}},{"start":{"line":28,"column":39},"end":{"line":28,"column":47}}]},"36":{"loc":{"start":{"line":28,"column":20},"end":{"line":28,"column":41}},"type":"binary-expr","locations":[{"start":{"line":28,"column":20},"end":{"line":28,"column":41}},{"start":{"line":28,"column":39},"end":{"line":28,"column":41}}]},"37":{"loc":{"start":{"line":28,"column":20},"end":{"line":28,"column":39}},"type":"cond-expr","locations":[{"start":{"line":28,"column":26},"end":{"line":28,"column":28}},{"start":{"line":28,"column":20},"end":{"line":28,"column":39}}]},"38":{"loc":{"start":{"line":28,"column":20},"end":{"line":28,"column":28}},"type":"binary-expr","locations":[{"start":{"line":28,"column":20},"end":{"line":28,"column":28}},{"start":{"line":28,"column":20},"end":{"line":28,"column":28}}]},"39":{"loc":{"start":{"line":34,"column":6},"end":{"line":41,"column":15}},"type":"cond-expr","locations":[{"start":{"line":41,"column":9},"end":{"line":41,"column":13}},{"start":{"line":41,"column":13},"end":{"line":41,"column":15}}]},"40":{"loc":{"start":{"line":34,"column":6},"end":{"line":41,"column":13}},"type":"binary-expr","locations":[{"start":{"line":34,"column":6},"end":{"line":41,"column":13}},{"start":{"line":41,"column":9},"end":{"line":41,"column":13}}]},"41":{"loc":{"start":{"line":34,"column":6},"end":{"line":41,"column":9}},"type":"cond-expr","locations":[{"start":{"line":34,"column":25},"end":{"line":34,"column":27}},{"start":{"line":34,"column":25},"end":{"line":41,"column":9}}]},"42":{"loc":{"start":{"line":34,"column":6},"end":{"line":34,"column":27}},"type":"binary-expr","locations":[{"start":{"line":34,"column":6},"end":{"line":34,"column":27}},{"start":{"line":34,"column":25},"end":{"line":34,"column":27}}]},"43":{"loc":{"start":{"line":34,"column":6},"end":{"line":34,"column":25}},"type":"cond-expr","locations":[{"start":{"line":34,"column":12},"end":{"line":34,"column":14}},{"start":{"line":34,"column":6},"end":{"line":34,"column":25}}]},"44":{"loc":{"start":{"line":34,"column":6},"end":{"line":34,"column":14}},"type":"binary-expr","locations":[{"start":{"line":34,"column":6},"end":{"line":34,"column":14}},{"start":{"line":34,"column":6},"end":{"line":34,"column":14}}]},"45":{"loc":{"start":{"line":35,"column":12},"end":{"line":35,"column":38}},"type":"cond-expr","locations":[{"start":{"line":35,"column":30},"end":{"line":35,"column":34}},{"start":{"line":35,"column":34},"end":{"line":35,"column":38}}]},"46":{"loc":{"start":{"line":35,"column":12},"end":{"line":35,"column":34}},"type":"binary-expr","locations":[{"start":{"line":35,"column":12},"end":{"line":35,"column":34}},{"start":{"line":35,"column":30},"end":{"line":35,"column":34}}]},"47":{"loc":{"start":{"line":35,"column":12},"end":{"line":35,"column":30}},"type":"cond-expr","locations":[{"start":{"line":35,"column":26},"end":{"line":35,"column":28}},{"start":{"line":35,"column":26},"end":{"line":35,"column":30}}]},"48":{"loc":{"start":{"line":35,"column":12},"end":{"line":35,"column":28}},"type":"binary-expr","locations":[{"start":{"line":35,"column":12},"end":{"line":35,"column":28}},{"start":{"line":35,"column":26},"end":{"line":35,"column":28}}]},"49":{"loc":{"start":{"line":35,"column":12},"end":{"line":35,"column":26}},"type":"cond-expr","locations":[{"start":{"line":35,"column":14},"end":{"line":35,"column":16}},{"start":{"line":35,"column":12},"end":{"line":35,"column":26}}]},"50":{"loc":{"start":{"line":35,"column":12},"end":{"line":35,"column":16}},"type":"binary-expr","locations":[{"start":{"line":35,"column":12},"end":{"line":35,"column":16}},{"start":{"line":35,"column":12},"end":{"line":35,"column":16}}]},"51":{"loc":{"start":{"line":36,"column":14},"end":{"line":36,"column":40}},"type":"cond-expr","locations":[{"start":{"line":36,"column":34},"end":{"line":36,"column":38}},{"start":{"line":36,"column":38},"end":{"line":36,"column":40}}]},"52":{"loc":{"start":{"line":36,"column":14},"end":{"line":36,"column":38}},"type":"binary-expr","locations":[{"start":{"line":36,"column":14},"end":{"line":36,"column":38}},{"start":{"line":36,"column":34},"end":{"line":36,"column":38}}]},"53":{"loc":{"start":{"line":36,"column":14},"end":{"line":36,"column":34}},"type":"cond-expr","locations":[{"start":{"line":36,"column":28},"end":{"line":36,"column":30}},{"start":{"line":36,"column":28},"end":{"line":36,"column":34}}]},"54":{"loc":{"start":{"line":36,"column":14},"end":{"line":36,"column":30}},"type":"binary-expr","locations":[{"start":{"line":36,"column":14},"end":{"line":36,"column":30}},{"start":{"line":36,"column":28},"end":{"line":36,"column":30}}]},"55":{"loc":{"start":{"line":36,"column":14},"end":{"line":36,"column":28}},"type":"cond-expr","locations":[{"start":{"line":36,"column":16},"end":{"line":36,"column":18}},{"start":{"line":36,"column":14},"end":{"line":36,"column":28}}]},"56":{"loc":{"start":{"line":36,"column":14},"end":{"line":36,"column":18}},"type":"binary-expr","locations":[{"start":{"line":36,"column":14},"end":{"line":36,"column":18}},{"start":{"line":36,"column":14},"end":{"line":36,"column":18}}]},"57":{"loc":{"start":{"line":37,"column":18},"end":{"line":37,"column":48}},"type":"cond-expr","locations":[{"start":{"line":37,"column":42},"end":{"line":37,"column":46}},{"start":{"line":37,"column":46},"end":{"line":37,"column":48}}]},"58":{"loc":{"start":{"line":37,"column":18},"end":{"line":37,"column":46}},"type":"binary-expr","locations":[{"start":{"line":37,"column":18},"end":{"line":37,"column":46}},{"start":{"line":37,"column":42},"end":{"line":37,"column":46}}]},"59":{"loc":{"start":{"line":37,"column":18},"end":{"line":37,"column":42}},"type":"cond-expr","locations":[{"start":{"line":37,"column":32},"end":{"line":37,"column":34}},{"start":{"line":37,"column":32},"end":{"line":37,"column":42}}]},"60":{"loc":{"start":{"line":37,"column":18},"end":{"line":37,"column":34}},"type":"binary-expr","locations":[{"start":{"line":37,"column":18},"end":{"line":37,"column":34}},{"start":{"line":37,"column":32},"end":{"line":37,"column":34}}]},"61":{"loc":{"start":{"line":37,"column":18},"end":{"line":37,"column":32}},"type":"cond-expr","locations":[{"start":{"line":37,"column":20},"end":{"line":37,"column":22}},{"start":{"line":37,"column":18},"end":{"line":37,"column":32}}]},"62":{"loc":{"start":{"line":37,"column":18},"end":{"line":37,"column":22}},"type":"binary-expr","locations":[{"start":{"line":37,"column":18},"end":{"line":37,"column":22}},{"start":{"line":37,"column":18},"end":{"line":37,"column":22}}]},"63":{"loc":{"start":{"line":38,"column":14},"end":{"line":38,"column":28}},"type":"cond-expr","locations":[{"start":{"line":38,"column":22},"end":{"line":38,"column":26}},{"start":{"line":38,"column":26},"end":{"line":38,"column":28}}]},"64":{"loc":{"start":{"line":38,"column":14},"end":{"line":38,"column":26}},"type":"binary-expr","locations":[{"start":{"line":38,"column":14},"end":{"line":38,"column":26}},{"start":{"line":38,"column":22},"end":{"line":38,"column":26}}]},"65":{"loc":{"start":{"line":38,"column":14},"end":{"line":38,"column":22}},"type":"cond-expr","locations":[{"start":{"line":38,"column":16},"end":{"line":38,"column":18}},{"start":{"line":38,"column":14},"end":{"line":38,"column":22}}]},"66":{"loc":{"start":{"line":38,"column":14},"end":{"line":38,"column":18}},"type":"binary-expr","locations":[{"start":{"line":38,"column":14},"end":{"line":38,"column":18}},{"start":{"line":38,"column":14},"end":{"line":38,"column":18}}]},"67":{"loc":{"start":{"line":39,"column":18},"end":{"line":39,"column":35}},"type":"cond-expr","locations":[{"start":{"line":39,"column":30},"end":{"line":39,"column":34}},{"start":{"line":39,"column":34},"end":{"line":39,"column":35}}]},"68":{"loc":{"start":{"line":39,"column":18},"end":{"line":39,"column":34}},"type":"binary-expr","locations":[{"start":{"line":39,"column":18},"end":{"line":39,"column":34}},{"start":{"line":39,"column":30},"end":{"line":39,"column":34}}]},"69":{"loc":{"start":{"line":39,"column":18},"end":{"line":39,"column":30}},"type":"cond-expr","locations":[{"start":{"line":39,"column":20},"end":{"line":39,"column":22}},{"start":{"line":39,"column":18},"end":{"line":39,"column":30}}]},"70":{"loc":{"start":{"line":39,"column":18},"end":{"line":39,"column":22}},"type":"binary-expr","locations":[{"start":{"line":39,"column":18},"end":{"line":39,"column":22}},{"start":{"line":39,"column":18},"end":{"line":39,"column":22}}]},"71":{"loc":{"start":{"line":40,"column":18},"end":{"line":40,"column":36}},"type":"cond-expr","locations":[{"start":{"line":40,"column":28},"end":{"line":40,"column":32}},{"start":{"line":40,"column":32},"end":{"line":40,"column":36}}]},"72":{"loc":{"start":{"line":40,"column":18},"end":{"line":40,"column":32}},"type":"binary-expr","locations":[{"start":{"line":40,"column":18},"end":{"line":40,"column":32}},{"start":{"line":40,"column":28},"end":{"line":40,"column":32}}]},"73":{"loc":{"start":{"line":40,"column":18},"end":{"line":40,"column":28}},"type":"cond-expr","locations":[{"start":{"line":40,"column":24},"end":{"line":40,"column":26}},{"start":{"line":40,"column":18},"end":{"line":40,"column":28}}]},"74":{"loc":{"start":{"line":40,"column":18},"end":{"line":40,"column":26}},"type":"binary-expr","locations":[{"start":{"line":40,"column":18},"end":{"line":40,"column":26}},{"start":{"line":40,"column":18},"end":{"line":40,"column":26}}]},"75":{"loc":{"start":{"line":45,"column":6},"end":{"line":48,"column":15}},"type":"cond-expr","locations":[{"start":{"line":48,"column":9},"end":{"line":48,"column":13}},{"start":{"line":48,"column":13},"end":{"line":48,"column":15}}]},"76":{"loc":{"start":{"line":45,"column":6},"end":{"line":48,"column":13}},"type":"binary-expr","locations":[{"start":{"line":45,"column":6},"end":{"line":48,"column":13}},{"start":{"line":48,"column":9},"end":{"line":48,"column":13}}]},"77":{"loc":{"start":{"line":45,"column":6},"end":{"line":48,"column":9}},"type":"cond-expr","locations":[{"start":{"line":45,"column":26},"end":{"line":45,"column":28}},{"start":{"line":45,"column":26},"end":{"line":48,"column":9}}]},"78":{"loc":{"start":{"line":45,"column":6},"end":{"line":45,"column":28}},"type":"binary-expr","locations":[{"start":{"line":45,"column":6},"end":{"line":45,"column":28}},{"start":{"line":45,"column":26},"end":{"line":45,"column":28}}]},"79":{"loc":{"start":{"line":45,"column":6},"end":{"line":45,"column":26}},"type":"cond-expr","locations":[{"start":{"line":45,"column":12},"end":{"line":45,"column":14}},{"start":{"line":45,"column":6},"end":{"line":45,"column":26}}]},"80":{"loc":{"start":{"line":45,"column":6},"end":{"line":45,"column":14}},"type":"binary-expr","locations":[{"start":{"line":45,"column":6},"end":{"line":45,"column":14}},{"start":{"line":45,"column":6},"end":{"line":45,"column":14}}]},"81":{"loc":{"start":{"line":46,"column":12},"end":{"line":46,"column":45}},"type":"cond-expr","locations":[{"start":{"line":46,"column":39},"end":{"line":46,"column":43}},{"start":{"line":46,"column":43},"end":{"line":46,"column":45}}]},"82":{"loc":{"start":{"line":46,"column":12},"end":{"line":46,"column":43}},"type":"binary-expr","locations":[{"start":{"line":46,"column":12},"end":{"line":46,"column":43}},{"start":{"line":46,"column":39},"end":{"line":46,"column":43}}]},"83":{"loc":{"start":{"line":46,"column":12},"end":{"line":46,"column":39}},"type":"cond-expr","locations":[{"start":{"line":46,"column":27},"end":{"line":46,"column":29}},{"start":{"line":46,"column":27},"end":{"line":46,"column":39}}]},"84":{"loc":{"start":{"line":46,"column":12},"end":{"line":46,"column":29}},"type":"binary-expr","locations":[{"start":{"line":46,"column":12},"end":{"line":46,"column":29}},{"start":{"line":46,"column":27},"end":{"line":46,"column":29}}]},"85":{"loc":{"start":{"line":46,"column":12},"end":{"line":46,"column":27}},"type":"cond-expr","locations":[{"start":{"line":46,"column":23},"end":{"line":46,"column":25}},{"start":{"line":46,"column":12},"end":{"line":46,"column":27}}]},"86":{"loc":{"start":{"line":46,"column":12},"end":{"line":46,"column":25}},"type":"binary-expr","locations":[{"start":{"line":46,"column":12},"end":{"line":46,"column":25}},{"start":{"line":46,"column":12},"end":{"line":46,"column":25}}]},"87":{"loc":{"start":{"line":47,"column":14},"end":{"line":47,"column":37}},"type":"cond-expr","locations":[{"start":{"line":47,"column":31},"end":{"line":47,"column":35}},{"start":{"line":47,"column":35},"end":{"line":47,"column":37}}]},"88":{"loc":{"start":{"line":47,"column":14},"end":{"line":47,"column":35}},"type":"binary-expr","locations":[{"start":{"line":47,"column":14},"end":{"line":47,"column":35}},{"start":{"line":47,"column":31},"end":{"line":47,"column":35}}]},"89":{"loc":{"start":{"line":47,"column":14},"end":{"line":47,"column":31}},"type":"cond-expr","locations":[{"start":{"line":47,"column":25},"end":{"line":47,"column":27}},{"start":{"line":47,"column":14},"end":{"line":47,"column":31}}]},"90":{"loc":{"start":{"line":47,"column":14},"end":{"line":47,"column":27}},"type":"binary-expr","locations":[{"start":{"line":47,"column":14},"end":{"line":47,"column":27}},{"start":{"line":47,"column":14},"end":{"line":47,"column":27}}]},"91":{"loc":{"start":{"line":52,"column":6},"end":{"line":55,"column":15}},"type":"cond-expr","locations":[{"start":{"line":55,"column":9},"end":{"line":55,"column":13}},{"start":{"line":55,"column":13},"end":{"line":55,"column":15}}]},"92":{"loc":{"start":{"line":52,"column":6},"end":{"line":55,"column":13}},"type":"binary-expr","locations":[{"start":{"line":52,"column":6},"end":{"line":55,"column":13}},{"start":{"line":55,"column":9},"end":{"line":55,"column":13}}]},"93":{"loc":{"start":{"line":52,"column":6},"end":{"line":55,"column":9}},"type":"cond-expr","locations":[{"start":{"line":52,"column":24},"end":{"line":52,"column":26}},{"start":{"line":52,"column":24},"end":{"line":55,"column":9}}]},"94":{"loc":{"start":{"line":52,"column":6},"end":{"line":52,"column":26}},"type":"binary-expr","locations":[{"start":{"line":52,"column":6},"end":{"line":52,"column":26}},{"start":{"line":52,"column":24},"end":{"line":52,"column":26}}]},"95":{"loc":{"start":{"line":52,"column":6},"end":{"line":52,"column":24}},"type":"cond-expr","locations":[{"start":{"line":52,"column":12},"end":{"line":52,"column":14}},{"start":{"line":52,"column":6},"end":{"line":52,"column":24}}]},"96":{"loc":{"start":{"line":52,"column":6},"end":{"line":52,"column":14}},"type":"binary-expr","locations":[{"start":{"line":52,"column":6},"end":{"line":52,"column":14}},{"start":{"line":52,"column":6},"end":{"line":52,"column":14}}]},"97":{"loc":{"start":{"line":53,"column":12},"end":{"line":53,"column":37}},"type":"cond-expr","locations":[{"start":{"line":53,"column":29},"end":{"line":53,"column":33}},{"start":{"line":53,"column":33},"end":{"line":53,"column":37}}]},"98":{"loc":{"start":{"line":53,"column":12},"end":{"line":53,"column":33}},"type":"binary-expr","locations":[{"start":{"line":53,"column":12},"end":{"line":53,"column":33}},{"start":{"line":53,"column":29},"end":{"line":53,"column":33}}]},"99":{"loc":{"start":{"line":53,"column":12},"end":{"line":53,"column":29}},"type":"cond-expr","locations":[{"start":{"line":53,"column":25},"end":{"line":53,"column":27}},{"start":{"line":53,"column":25},"end":{"line":53,"column":29}}]},"100":{"loc":{"start":{"line":53,"column":12},"end":{"line":53,"column":27}},"type":"binary-expr","locations":[{"start":{"line":53,"column":12},"end":{"line":53,"column":27}},{"start":{"line":53,"column":25},"end":{"line":53,"column":27}}]},"101":{"loc":{"start":{"line":53,"column":12},"end":{"line":53,"column":25}},"type":"cond-expr","locations":[{"start":{"line":53,"column":15},"end":{"line":53,"column":17}},{"start":{"line":53,"column":12},"end":{"line":53,"column":25}}]},"102":{"loc":{"start":{"line":53,"column":12},"end":{"line":53,"column":17}},"type":"binary-expr","locations":[{"start":{"line":53,"column":12},"end":{"line":53,"column":17}},{"start":{"line":53,"column":12},"end":{"line":53,"column":17}}]},"103":{"loc":{"start":{"line":54,"column":14},"end":{"line":54,"column":39}},"type":"cond-expr","locations":[{"start":{"line":54,"column":33},"end":{"line":54,"column":37}},{"start":{"line":54,"column":37},"end":{"line":54,"column":39}}]},"104":{"loc":{"start":{"line":54,"column":14},"end":{"line":54,"column":37}},"type":"binary-expr","locations":[{"start":{"line":54,"column":14},"end":{"line":54,"column":37}},{"start":{"line":54,"column":33},"end":{"line":54,"column":37}}]},"105":{"loc":{"start":{"line":54,"column":14},"end":{"line":54,"column":33}},"type":"cond-expr","locations":[{"start":{"line":54,"column":27},"end":{"line":54,"column":29}},{"start":{"line":54,"column":27},"end":{"line":54,"column":33}}]},"106":{"loc":{"start":{"line":54,"column":14},"end":{"line":54,"column":29}},"type":"binary-expr","locations":[{"start":{"line":54,"column":14},"end":{"line":54,"column":29}},{"start":{"line":54,"column":27},"end":{"line":54,"column":29}}]},"107":{"loc":{"start":{"line":54,"column":14},"end":{"line":54,"column":27}},"type":"cond-expr","locations":[{"start":{"line":54,"column":17},"end":{"line":54,"column":19}},{"start":{"line":54,"column":14},"end":{"line":54,"column":27}}]},"108":{"loc":{"start":{"line":54,"column":14},"end":{"line":54,"column":19}},"type":"binary-expr","locations":[{"start":{"line":54,"column":14},"end":{"line":54,"column":19}},{"start":{"line":54,"column":14},"end":{"line":54,"column":19}}]},"109":{"loc":{"start":{"line":59,"column":6},"end":{"line":62,"column":15}},"type":"cond-expr","locations":[{"start":{"line":62,"column":9},"end":{"line":62,"column":13}},{"start":{"line":62,"column":13},"end":{"line":62,"column":15}}]},"110":{"loc":{"start":{"line":59,"column":6},"end":{"line":62,"column":13}},"type":"binary-expr","locations":[{"start":{"line":59,"column":6},"end":{"line":62,"column":13}},{"start":{"line":62,"column":9},"end":{"line":62,"column":13}}]},"111":{"loc":{"start":{"line":59,"column":6},"end":{"line":62,"column":9}},"type":"cond-expr","locations":[{"start":{"line":59,"column":18},"end":{"line":59,"column":20}},{"start":{"line":59,"column":18},"end":{"line":62,"column":9}}]},"112":{"loc":{"start":{"line":59,"column":6},"end":{"line":59,"column":20}},"type":"binary-expr","locations":[{"start":{"line":59,"column":6},"end":{"line":59,"column":20}},{"start":{"line":59,"column":18},"end":{"line":59,"column":20}}]},"113":{"loc":{"start":{"line":59,"column":6},"end":{"line":59,"column":18}},"type":"cond-expr","locations":[{"start":{"line":59,"column":12},"end":{"line":59,"column":14}},{"start":{"line":59,"column":6},"end":{"line":59,"column":18}}]},"114":{"loc":{"start":{"line":59,"column":6},"end":{"line":59,"column":14}},"type":"binary-expr","locations":[{"start":{"line":59,"column":6},"end":{"line":59,"column":14}},{"start":{"line":59,"column":6},"end":{"line":59,"column":14}}]},"115":{"loc":{"start":{"line":60,"column":12},"end":{"line":60,"column":32}},"type":"cond-expr","locations":[{"start":{"line":60,"column":24},"end":{"line":60,"column":28}},{"start":{"line":60,"column":28},"end":{"line":60,"column":32}}]},"116":{"loc":{"start":{"line":60,"column":12},"end":{"line":60,"column":28}},"type":"binary-expr","locations":[{"start":{"line":60,"column":12},"end":{"line":60,"column":28}},{"start":{"line":60,"column":24},"end":{"line":60,"column":28}}]},"117":{"loc":{"start":{"line":60,"column":12},"end":{"line":60,"column":24}},"type":"cond-expr","locations":[{"start":{"line":60,"column":20},"end":{"line":60,"column":22}},{"start":{"line":60,"column":20},"end":{"line":60,"column":24}}]},"118":{"loc":{"start":{"line":60,"column":12},"end":{"line":60,"column":22}},"type":"binary-expr","locations":[{"start":{"line":60,"column":12},"end":{"line":60,"column":22}},{"start":{"line":60,"column":20},"end":{"line":60,"column":22}}]},"119":{"loc":{"start":{"line":60,"column":12},"end":{"line":60,"column":20}},"type":"cond-expr","locations":[{"start":{"line":60,"column":15},"end":{"line":60,"column":17}},{"start":{"line":60,"column":12},"end":{"line":60,"column":20}}]},"120":{"loc":{"start":{"line":60,"column":12},"end":{"line":60,"column":17}},"type":"binary-expr","locations":[{"start":{"line":60,"column":12},"end":{"line":60,"column":17}},{"start":{"line":60,"column":12},"end":{"line":60,"column":17}}]},"121":{"loc":{"start":{"line":61,"column":14},"end":{"line":61,"column":34}},"type":"cond-expr","locations":[{"start":{"line":61,"column":28},"end":{"line":61,"column":32}},{"start":{"line":61,"column":32},"end":{"line":61,"column":34}}]},"122":{"loc":{"start":{"line":61,"column":14},"end":{"line":61,"column":32}},"type":"binary-expr","locations":[{"start":{"line":61,"column":14},"end":{"line":61,"column":32}},{"start":{"line":61,"column":28},"end":{"line":61,"column":32}}]},"123":{"loc":{"start":{"line":61,"column":14},"end":{"line":61,"column":28}},"type":"cond-expr","locations":[{"start":{"line":61,"column":22},"end":{"line":61,"column":24}},{"start":{"line":61,"column":22},"end":{"line":61,"column":28}}]},"124":{"loc":{"start":{"line":61,"column":14},"end":{"line":61,"column":24}},"type":"binary-expr","locations":[{"start":{"line":61,"column":14},"end":{"line":61,"column":24}},{"start":{"line":61,"column":22},"end":{"line":61,"column":24}}]},"125":{"loc":{"start":{"line":61,"column":14},"end":{"line":61,"column":22}},"type":"cond-expr","locations":[{"start":{"line":61,"column":17},"end":{"line":61,"column":19}},{"start":{"line":61,"column":14},"end":{"line":61,"column":22}}]},"126":{"loc":{"start":{"line":61,"column":14},"end":{"line":61,"column":19}},"type":"binary-expr","locations":[{"start":{"line":61,"column":14},"end":{"line":61,"column":19}},{"start":{"line":61,"column":14},"end":{"line":61,"column":19}}]},"127":{"loc":{"start":{"line":66,"column":6},"end":{"line":69,"column":15}},"type":"cond-expr","locations":[{"start":{"line":69,"column":9},"end":{"line":69,"column":13}},{"start":{"line":69,"column":13},"end":{"line":69,"column":15}}]},"128":{"loc":{"start":{"line":66,"column":6},"end":{"line":69,"column":13}},"type":"binary-expr","locations":[{"start":{"line":66,"column":6},"end":{"line":69,"column":13}},{"start":{"line":69,"column":9},"end":{"line":69,"column":13}}]},"129":{"loc":{"start":{"line":66,"column":6},"end":{"line":69,"column":9}},"type":"cond-expr","locations":[{"start":{"line":66,"column":21},"end":{"line":66,"column":23}},{"start":{"line":66,"column":21},"end":{"line":69,"column":9}}]},"130":{"loc":{"start":{"line":66,"column":6},"end":{"line":66,"column":23}},"type":"binary-expr","locations":[{"start":{"line":66,"column":6},"end":{"line":66,"column":23}},{"start":{"line":66,"column":21},"end":{"line":66,"column":23}}]},"131":{"loc":{"start":{"line":66,"column":6},"end":{"line":66,"column":21}},"type":"cond-expr","locations":[{"start":{"line":66,"column":12},"end":{"line":66,"column":14}},{"start":{"line":66,"column":6},"end":{"line":66,"column":21}}]},"132":{"loc":{"start":{"line":66,"column":6},"end":{"line":66,"column":14}},"type":"binary-expr","locations":[{"start":{"line":66,"column":6},"end":{"line":66,"column":14}},{"start":{"line":66,"column":6},"end":{"line":66,"column":14}}]},"133":{"loc":{"start":{"line":67,"column":12},"end":{"line":67,"column":38}},"type":"cond-expr","locations":[{"start":{"line":67,"column":30},"end":{"line":67,"column":34}},{"start":{"line":67,"column":34},"end":{"line":67,"column":38}}]},"134":{"loc":{"start":{"line":67,"column":12},"end":{"line":67,"column":34}},"type":"binary-expr","locations":[{"start":{"line":67,"column":12},"end":{"line":67,"column":34}},{"start":{"line":67,"column":30},"end":{"line":67,"column":34}}]},"135":{"loc":{"start":{"line":67,"column":12},"end":{"line":67,"column":30}},"type":"cond-expr","locations":[{"start":{"line":67,"column":26},"end":{"line":67,"column":28}},{"start":{"line":67,"column":26},"end":{"line":67,"column":30}}]},"136":{"loc":{"start":{"line":67,"column":12},"end":{"line":67,"column":28}},"type":"binary-expr","locations":[{"start":{"line":67,"column":12},"end":{"line":67,"column":28}},{"start":{"line":67,"column":26},"end":{"line":67,"column":28}}]},"137":{"loc":{"start":{"line":67,"column":12},"end":{"line":67,"column":26}},"type":"cond-expr","locations":[{"start":{"line":67,"column":18},"end":{"line":67,"column":20}},{"start":{"line":67,"column":12},"end":{"line":67,"column":26}}]},"138":{"loc":{"start":{"line":67,"column":12},"end":{"line":67,"column":20}},"type":"binary-expr","locations":[{"start":{"line":67,"column":12},"end":{"line":67,"column":20}},{"start":{"line":67,"column":12},"end":{"line":67,"column":20}}]},"139":{"loc":{"start":{"line":68,"column":14},"end":{"line":68,"column":40}},"type":"cond-expr","locations":[{"start":{"line":68,"column":34},"end":{"line":68,"column":38}},{"start":{"line":68,"column":38},"end":{"line":68,"column":40}}]},"140":{"loc":{"start":{"line":68,"column":14},"end":{"line":68,"column":38}},"type":"binary-expr","locations":[{"start":{"line":68,"column":14},"end":{"line":68,"column":38}},{"start":{"line":68,"column":34},"end":{"line":68,"column":38}}]},"141":{"loc":{"start":{"line":68,"column":14},"end":{"line":68,"column":34}},"type":"cond-expr","locations":[{"start":{"line":68,"column":28},"end":{"line":68,"column":30}},{"start":{"line":68,"column":28},"end":{"line":68,"column":34}}]},"142":{"loc":{"start":{"line":68,"column":14},"end":{"line":68,"column":30}},"type":"binary-expr","locations":[{"start":{"line":68,"column":14},"end":{"line":68,"column":30}},{"start":{"line":68,"column":28},"end":{"line":68,"column":30}}]},"143":{"loc":{"start":{"line":68,"column":14},"end":{"line":68,"column":28}},"type":"cond-expr","locations":[{"start":{"line":68,"column":20},"end":{"line":68,"column":22}},{"start":{"line":68,"column":14},"end":{"line":68,"column":28}}]},"144":{"loc":{"start":{"line":68,"column":14},"end":{"line":68,"column":22}},"type":"binary-expr","locations":[{"start":{"line":68,"column":14},"end":{"line":68,"column":22}},{"start":{"line":68,"column":14},"end":{"line":68,"column":22}}]},"145":{"loc":{"start":{"line":73,"column":6},"end":{"line":76,"column":15}},"type":"cond-expr","locations":[{"start":{"line":76,"column":9},"end":{"line":76,"column":13}},{"start":{"line":76,"column":13},"end":{"line":76,"column":15}}]},"146":{"loc":{"start":{"line":73,"column":6},"end":{"line":76,"column":13}},"type":"binary-expr","locations":[{"start":{"line":73,"column":6},"end":{"line":76,"column":13}},{"start":{"line":76,"column":9},"end":{"line":76,"column":13}}]},"147":{"loc":{"start":{"line":73,"column":6},"end":{"line":76,"column":9}},"type":"cond-expr","locations":[{"start":{"line":73,"column":26},"end":{"line":73,"column":28}},{"start":{"line":73,"column":26},"end":{"line":76,"column":9}}]},"148":{"loc":{"start":{"line":73,"column":6},"end":{"line":73,"column":28}},"type":"binary-expr","locations":[{"start":{"line":73,"column":6},"end":{"line":73,"column":28}},{"start":{"line":73,"column":26},"end":{"line":73,"column":28}}]},"149":{"loc":{"start":{"line":73,"column":6},"end":{"line":73,"column":26}},"type":"cond-expr","locations":[{"start":{"line":73,"column":12},"end":{"line":73,"column":14}},{"start":{"line":73,"column":6},"end":{"line":73,"column":26}}]},"150":{"loc":{"start":{"line":73,"column":6},"end":{"line":73,"column":14}},"type":"binary-expr","locations":[{"start":{"line":73,"column":6},"end":{"line":73,"column":14}},{"start":{"line":73,"column":6},"end":{"line":73,"column":14}}]},"151":{"loc":{"start":{"line":74,"column":12},"end":{"line":74,"column":44}},"type":"cond-expr","locations":[{"start":{"line":74,"column":36},"end":{"line":74,"column":40}},{"start":{"line":74,"column":40},"end":{"line":74,"column":44}}]},"152":{"loc":{"start":{"line":74,"column":12},"end":{"line":74,"column":40}},"type":"binary-expr","locations":[{"start":{"line":74,"column":12},"end":{"line":74,"column":40}},{"start":{"line":74,"column":36},"end":{"line":74,"column":40}}]},"153":{"loc":{"start":{"line":74,"column":12},"end":{"line":74,"column":36}},"type":"cond-expr","locations":[{"start":{"line":74,"column":32},"end":{"line":74,"column":34}},{"start":{"line":74,"column":32},"end":{"line":74,"column":36}}]},"154":{"loc":{"start":{"line":74,"column":12},"end":{"line":74,"column":34}},"type":"binary-expr","locations":[{"start":{"line":74,"column":12},"end":{"line":74,"column":34}},{"start":{"line":74,"column":32},"end":{"line":74,"column":34}}]},"155":{"loc":{"start":{"line":74,"column":12},"end":{"line":74,"column":32}},"type":"cond-expr","locations":[{"start":{"line":74,"column":19},"end":{"line":74,"column":21}},{"start":{"line":74,"column":12},"end":{"line":74,"column":32}}]},"156":{"loc":{"start":{"line":74,"column":12},"end":{"line":74,"column":21}},"type":"binary-expr","locations":[{"start":{"line":74,"column":12},"end":{"line":74,"column":21}},{"start":{"line":74,"column":12},"end":{"line":74,"column":21}}]},"157":{"loc":{"start":{"line":75,"column":14},"end":{"line":75,"column":46}},"type":"cond-expr","locations":[{"start":{"line":75,"column":40},"end":{"line":75,"column":44}},{"start":{"line":75,"column":44},"end":{"line":75,"column":46}}]},"158":{"loc":{"start":{"line":75,"column":14},"end":{"line":75,"column":44}},"type":"binary-expr","locations":[{"start":{"line":75,"column":14},"end":{"line":75,"column":44}},{"start":{"line":75,"column":40},"end":{"line":75,"column":44}}]},"159":{"loc":{"start":{"line":75,"column":14},"end":{"line":75,"column":40}},"type":"cond-expr","locations":[{"start":{"line":75,"column":34},"end":{"line":75,"column":36}},{"start":{"line":75,"column":34},"end":{"line":75,"column":40}}]},"160":{"loc":{"start":{"line":75,"column":14},"end":{"line":75,"column":36}},"type":"binary-expr","locations":[{"start":{"line":75,"column":14},"end":{"line":75,"column":36}},{"start":{"line":75,"column":34},"end":{"line":75,"column":36}}]},"161":{"loc":{"start":{"line":75,"column":14},"end":{"line":75,"column":34}},"type":"cond-expr","locations":[{"start":{"line":75,"column":21},"end":{"line":75,"column":23}},{"start":{"line":75,"column":14},"end":{"line":75,"column":34}}]},"162":{"loc":{"start":{"line":75,"column":14},"end":{"line":75,"column":23}},"type":"binary-expr","locations":[{"start":{"line":75,"column":14},"end":{"line":75,"column":23}},{"start":{"line":75,"column":14},"end":{"line":75,"column":23}}]},"163":{"loc":{"start":{"line":80,"column":6},"end":{"line":83,"column":15}},"type":"cond-expr","locations":[{"start":{"line":83,"column":9},"end":{"line":83,"column":13}},{"start":{"line":83,"column":13},"end":{"line":83,"column":15}}]},"164":{"loc":{"start":{"line":80,"column":6},"end":{"line":83,"column":13}},"type":"binary-expr","locations":[{"start":{"line":80,"column":6},"end":{"line":83,"column":13}},{"start":{"line":83,"column":9},"end":{"line":83,"column":13}}]},"165":{"loc":{"start":{"line":80,"column":6},"end":{"line":83,"column":9}},"type":"cond-expr","locations":[{"start":{"line":80,"column":26},"end":{"line":80,"column":28}},{"start":{"line":80,"column":26},"end":{"line":83,"column":9}}]},"166":{"loc":{"start":{"line":80,"column":6},"end":{"line":80,"column":28}},"type":"binary-expr","locations":[{"start":{"line":80,"column":6},"end":{"line":80,"column":28}},{"start":{"line":80,"column":26},"end":{"line":80,"column":28}}]},"167":{"loc":{"start":{"line":80,"column":6},"end":{"line":80,"column":26}},"type":"cond-expr","locations":[{"start":{"line":80,"column":12},"end":{"line":80,"column":14}},{"start":{"line":80,"column":6},"end":{"line":80,"column":26}}]},"168":{"loc":{"start":{"line":80,"column":6},"end":{"line":80,"column":14}},"type":"binary-expr","locations":[{"start":{"line":80,"column":6},"end":{"line":80,"column":14}},{"start":{"line":80,"column":6},"end":{"line":80,"column":14}}]},"169":{"loc":{"start":{"line":81,"column":12},"end":{"line":81,"column":41}},"type":"cond-expr","locations":[{"start":{"line":81,"column":33},"end":{"line":81,"column":37}},{"start":{"line":81,"column":37},"end":{"line":81,"column":41}}]},"170":{"loc":{"start":{"line":81,"column":12},"end":{"line":81,"column":37}},"type":"binary-expr","locations":[{"start":{"line":81,"column":12},"end":{"line":81,"column":37}},{"start":{"line":81,"column":33},"end":{"line":81,"column":37}}]},"171":{"loc":{"start":{"line":81,"column":12},"end":{"line":81,"column":33}},"type":"cond-expr","locations":[{"start":{"line":81,"column":29},"end":{"line":81,"column":31}},{"start":{"line":81,"column":29},"end":{"line":81,"column":33}}]},"172":{"loc":{"start":{"line":81,"column":12},"end":{"line":81,"column":31}},"type":"binary-expr","locations":[{"start":{"line":81,"column":12},"end":{"line":81,"column":31}},{"start":{"line":81,"column":29},"end":{"line":81,"column":31}}]},"173":{"loc":{"start":{"line":81,"column":12},"end":{"line":81,"column":29}},"type":"cond-expr","locations":[{"start":{"line":81,"column":16},"end":{"line":81,"column":18}},{"start":{"line":81,"column":12},"end":{"line":81,"column":29}}]},"174":{"loc":{"start":{"line":81,"column":12},"end":{"line":81,"column":18}},"type":"binary-expr","locations":[{"start":{"line":81,"column":12},"end":{"line":81,"column":18}},{"start":{"line":81,"column":12},"end":{"line":81,"column":18}}]},"175":{"loc":{"start":{"line":82,"column":14},"end":{"line":82,"column":43}},"type":"cond-expr","locations":[{"start":{"line":82,"column":37},"end":{"line":82,"column":41}},{"start":{"line":82,"column":41},"end":{"line":82,"column":43}}]},"176":{"loc":{"start":{"line":82,"column":14},"end":{"line":82,"column":41}},"type":"binary-expr","locations":[{"start":{"line":82,"column":14},"end":{"line":82,"column":41}},{"start":{"line":82,"column":37},"end":{"line":82,"column":41}}]},"177":{"loc":{"start":{"line":82,"column":14},"end":{"line":82,"column":37}},"type":"cond-expr","locations":[{"start":{"line":82,"column":31},"end":{"line":82,"column":33}},{"start":{"line":82,"column":31},"end":{"line":82,"column":37}}]},"178":{"loc":{"start":{"line":82,"column":14},"end":{"line":82,"column":33}},"type":"binary-expr","locations":[{"start":{"line":82,"column":14},"end":{"line":82,"column":33}},{"start":{"line":82,"column":31},"end":{"line":82,"column":33}}]},"179":{"loc":{"start":{"line":82,"column":14},"end":{"line":82,"column":31}},"type":"cond-expr","locations":[{"start":{"line":82,"column":18},"end":{"line":82,"column":20}},{"start":{"line":82,"column":14},"end":{"line":82,"column":31}}]},"180":{"loc":{"start":{"line":82,"column":14},"end":{"line":82,"column":20}},"type":"binary-expr","locations":[{"start":{"line":82,"column":14},"end":{"line":82,"column":20}},{"start":{"line":82,"column":14},"end":{"line":82,"column":20}}]},"181":{"loc":{"start":{"line":85,"column":15},"end":{"line":85,"column":40}},"type":"cond-expr","locations":[{"start":{"line":85,"column":32},"end":{"line":85,"column":36}},{"start":{"line":85,"column":36},"end":{"line":85,"column":40}}]},"182":{"loc":{"start":{"line":85,"column":15},"end":{"line":85,"column":36}},"type":"binary-expr","locations":[{"start":{"line":85,"column":15},"end":{"line":85,"column":36}},{"start":{"line":85,"column":32},"end":{"line":85,"column":36}}]},"183":{"loc":{"start":{"line":85,"column":15},"end":{"line":85,"column":32}},"type":"cond-expr","locations":[{"start":{"line":85,"column":21},"end":{"line":85,"column":23}},{"start":{"line":85,"column":15},"end":{"line":85,"column":32}}]},"184":{"loc":{"start":{"line":85,"column":15},"end":{"line":85,"column":23}},"type":"binary-expr","locations":[{"start":{"line":85,"column":15},"end":{"line":85,"column":23}},{"start":{"line":85,"column":15},"end":{"line":85,"column":23}}]},"185":{"loc":{"start":{"line":86,"column":15},"end":{"line":86,"column":40}},"type":"cond-expr","locations":[{"start":{"line":86,"column":32},"end":{"line":86,"column":36}},{"start":{"line":86,"column":36},"end":{"line":86,"column":40}}]},"186":{"loc":{"start":{"line":86,"column":15},"end":{"line":86,"column":36}},"type":"binary-expr","locations":[{"start":{"line":86,"column":15},"end":{"line":86,"column":36}},{"start":{"line":86,"column":32},"end":{"line":86,"column":36}}]},"187":{"loc":{"start":{"line":86,"column":15},"end":{"line":86,"column":32}},"type":"cond-expr","locations":[{"start":{"line":86,"column":21},"end":{"line":86,"column":23}},{"start":{"line":86,"column":15},"end":{"line":86,"column":32}}]},"188":{"loc":{"start":{"line":86,"column":15},"end":{"line":86,"column":23}},"type":"binary-expr","locations":[{"start":{"line":86,"column":15},"end":{"line":86,"column":23}},{"start":{"line":86,"column":15},"end":{"line":86,"column":23}}]}},"s":{"0":1,"1":1,"2":0,"3":0,"4":0,"5":0,"6":0,"7":0,"8":0,"9":0,"10":0,"11":0,"12":0,"13":0,"14":0,"15":0,"16":1},"f":{"0":0,"1":0,"2":0,"3":0,"4":0,"5":0,"6":0,"7":0,"8":0,"9":0},"b":{"0":[0],"1":[0,0],"2":[0,0],"3":[0,0],"4":[0,0],"5":[0,0],"6":[0,0],"7":[0,0],"8":[0,0],"9":[0,0],"10":[0,0],"11":[0,0],"12":[0,0],"13":[0,0],"14":[0,0],"15":[0,0],"16":[0,0],"17":[0,0],"18":[0,0],"19":[0,0],"20":[0,0],"21":[0,0],"22":[0,0],"23":[0,0],"24":[0,0],"25":[0,0],"26":[0,0],"27":[0,0],"28":[0,0],"29":[0,0],"30":[0,0],"31":[0,0],"32":[0,0],"33":[0,0],"34":[0,0],"35":[0,0],"36":[0,0],"37":[0,0],"38":[0,0],"39":[0,0],"40":[0,0],"41":[0,0],"42":[0,0],"43":[0,0],"44":[0,0],"45":[0,0],"46":[0,0],"47":[0,0],"48":[0,0],"49":[0,0],"50":[0,0],"51":[0,0],"52":[0,0],"53":[0,0],"54":[0,0],"55":[0,0],"56":[0,0],"57":[0,0],"58":[0,0],"59":[0,0],"60":[0,0],"61":[0,0],"62":[0,0],"63":[0,0],"64":[0,0],"65":[0,0],"66":[0,0],"67":[0,0],"68":[0,0],"69":[0,0],"70":[0,0],"71":[0,0],"72":[0,0],"73":[0,0],"74":[0,0],"75":[0,0],"76":[0,0],"77":[0,0],"78":[0,0],"79":[0,0],"80":[0,0],"81":[0,0],"82":[0,0],"83":[0,0],"84":[0,0],"85":[0,0],"86":[0,0],"87":[0,0],"88":[0,0],"89":[0,0],"90":[0,0],"91":[0,0],"92":[0,0],"93":[0,0],"94":[0,0],"95":[0,0],"96":[0,0],"97":[0,0],"98":[0,0],"99":[0,0],"100":[0,0],"101":[0,0],"102":[0,0],"103":[0,0],"104":[0,0],"105":[0,0],"106":[0,0],"107":[0,0],"108":[0,0],"109":[0,0],"110":[0,0],"111":[0,0],"112":[0,0],"113":[0,0],"114":[0,0],"115":[0,0],"116":[0,0],"117":[0,0],"118":[0,0],"119":[0,0],"120":[0,0],"121":[0,0],"122":[0,0],"123":[0,0],"124":[0,0],"125":[0,0],"126":[0,0],"127":[0,0],"128":[0,0],"129":[0,0],"130":[0,0],"131":[0,0],"132":[0,0],"133":[0,0],"134":[0,0],"135":[0,0],"136":[0,0],"137":[0,0],"138":[0,0],"139":[0,0],"140":[0,0],"141":[0,0],"142":[0,0],"143":[0,0],"144":[0,0],"145":[0,0],"146":[0,0],"147":[0,0],"148":[0,0],"149":[0,0],"150":[0,0],"151":[0,0],"152":[0,0],"153":[0,0],"154":[0,0],"155":[0,0],"156":[0,0],"157":[0,0],"158":[0,0],"159":[0,0],"160":[0,0],"161":[0,0],"162":[0,0],"163":[0,0],"164":[0,0],"165":[0,0],"166":[0,0],"167":[0,0],"168":[0,0],"169":[0,0],"170":[0,0],"171":[0,0],"172":[0,0],"173":[0,0],"174":[0,0],"175":[0,0],"176":[0,0],"177":[0,0],"178":[0,0],"179":[0,0],"180":[0,0],"181":[0,0],"182":[0,0],"183":[0,0],"184":[0,0],"185":[0,0],"186":[0,0],"187":[0,0],"188":[0,0]}}
}
