TN:
SF:__mock__/prisma.ts
FNF:0
FNH:0
DA:1,1
LF:1
LH:1
BRF:0
BRH:0
end_of_record
TN:
SF:__mock__/@gogittix/common.ts
FN:1,(anonymous_0)
FN:6,(anonymous_1)
FN:13,(anonymous_2)
FN:17,(anonymous_3)
FN:22,(anonymous_4)
FN:28,(anonymous_5)
FN:34,(anonymous_6)
FNF:7
FNH:0
FNDA:0,(anonymous_0)
FNDA:0,(anonymous_1)
FNDA:0,(anonymous_2)
FNDA:0,(anonymous_3)
FNDA:0,(anonymous_4)
FNDA:0,(anonymous_5)
FNDA:0,(anonymous_6)
DA:1,1
DA:2,0
DA:3,0
DA:6,1
DA:7,0
DA:8,0
DA:10,0
DA:13,1
DA:14,0
DA:17,1
DA:18,0
DA:21,1
DA:23,0
DA:27,1
DA:29,0
DA:33,1
DA:35,0
LF:17
LH:7
BRDA:7,0,0,0
BRF:1
BRH:0
end_of_record
TN:
SF:src/controllers/recipe.favorite.controller.ts
FN:37,(anonymous_8)
FN:85,(anonymous_10)
FN:137,(anonymous_12)
FNF:3
FNH:2
FNDA:0,(anonymous_8)
FNDA:1,(anonymous_10)
FNDA:1,(anonymous_12)
DA:2,1
DA:38,0
DA:39,0
DA:40,0
DA:42,0
DA:43,0
DA:46,0
DA:47,0
DA:51,0
DA:56,0
DA:58,0
DA:59,0
DA:86,1
DA:87,1
DA:88,1
DA:90,1
DA:91,0
DA:94,1
DA:95,0
DA:98,1
DA:103,1
DA:104,0
DA:107,1
DA:109,0
DA:110,0
DA:138,1
DA:139,1
DA:140,1
DA:142,1
DA:143,0
DA:146,1
DA:147,0
DA:150,1
DA:155,1
DA:156,0
DA:161,1
DA:163,0
DA:164,0
DA:169,1
DA:170,1
LF:40
LH:19
BRDA:42,0,0,0
BRDA:46,1,0,0
BRDA:90,2,0,0
BRDA:94,3,0,0
BRDA:103,4,0,0
BRDA:142,5,0,0
BRDA:146,6,0,0
BRDA:155,7,0,0
BRF:8
BRH:0
end_of_record
TN:
SF:src/services/recipe.favorite.service.ts
FN:9,(anonymous_8)
FN:13,(anonymous_9)
FN:26,(anonymous_11)
FN:56,(anonymous_13)
FNF:4
FNH:3
FNDA:1,(anonymous_8)
FNDA:0,(anonymous_9)
FNDA:1,(anonymous_11)
FNDA:1,(anonymous_13)
DA:2,1
DA:3,1
DA:4,1
DA:10,1
DA:14,0
DA:15,0
DA:19,0
DA:21,0
DA:22,0
DA:30,1
DA:31,1
DA:35,1
DA:36,1
DA:40,1
DA:46,1
DA:51,0
DA:52,0
DA:60,1
DA:61,1
DA:65,1
DA:66,0
DA:69,1
DA:73,1
DA:78,1
DA:83,0
DA:84,0
DA:89,1
DA:90,1
LF:28
LH:18
BRDA:35,0,0,1
BRDA:65,1,0,0
BRF:2
BRH:1
end_of_record
TN:
SF:src/services/recipe.service.ts
FN:14,(anonymous_8)
FN:43,(anonymous_10)
FN:50,(anonymous_11)
FN:55,(anonymous_12)
FN:65,(anonymous_13)
FN:75,(anonymous_14)
FN:86,(anonymous_15)
FN:96,(anonymous_16)
FN:116,(anonymous_17)
FN:164,(anonymous_19)
FN:172,(anonymous_20)
FN:178,(anonymous_21)
FN:189,(anonymous_22)
FN:200,(anonymous_23)
FN:211,(anonymous_24)
FN:222,(anonymous_25)
FN:242,(anonymous_26)
FN:254,(anonymous_28)
FN:264,(anonymous_29)
FN:274,(anonymous_30)
FN:305,(anonymous_32)
FNF:21
FNH:0
FNDA:0,(anonymous_8)
FNDA:0,(anonymous_10)
FNDA:0,(anonymous_11)
FNDA:0,(anonymous_12)
FNDA:0,(anonymous_13)
FNDA:0,(anonymous_14)
FNDA:0,(anonymous_15)
FNDA:0,(anonymous_16)
FNDA:0,(anonymous_17)
FNDA:0,(anonymous_19)
FNDA:0,(anonymous_20)
FNDA:0,(anonymous_21)
FNDA:0,(anonymous_22)
FNDA:0,(anonymous_23)
FNDA:0,(anonymous_24)
FNDA:0,(anonymous_25)
FNDA:0,(anonymous_26)
FNDA:0,(anonymous_28)
FNDA:0,(anonymous_29)
FNDA:0,(anonymous_30)
FNDA:0,(anonymous_32)
DA:3,1
DA:5,1
DA:10,1
DA:11,1
DA:15,0
DA:17,0
DA:19,0
DA:31,0
DA:32,0
DA:34,0
DA:35,0
DA:43,0
DA:50,0
DA:55,0
DA:65,0
DA:75,0
DA:86,0
DA:96,0
DA:109,0
DA:111,0
DA:112,0
DA:121,0
DA:122,0
DA:123,0
DA:135,0
DA:137,0
DA:138,0
DA:139,0
DA:141,0
DA:142,0
DA:144,0
DA:151,0
DA:152,0
DA:155,0
DA:164,0
DA:172,0
DA:178,0
DA:189,0
DA:200,0
DA:211,0
DA:222,0
DA:235,0
DA:237,0
DA:238,0
DA:243,0
DA:244,0
DA:245,0
DA:247,0
DA:254,0
DA:264,0
DA:270,0
DA:280,0
DA:282,0
DA:283,0
DA:298,0
DA:300,0
DA:301,0
DA:309,0
DA:311,0
DA:312,0
DA:314,0
DA:321,0
DA:322,0
DA:325,0
DA:326,0
DA:329,0
DA:333,0
DA:338,0
DA:339,0
DA:344,1
LF:70
LH:5
BRDA:15,0,0,0
BRDA:15,1,0,0
BRDA:15,1,1,0
BRDA:15,2,0,0
BRDA:15,2,1,0
BRDA:46,3,0,0
BRDA:46,3,1,0
BRDA:55,4,0,0
BRDA:55,4,1,0
BRDA:55,5,0,0
BRDA:55,5,1,0
BRDA:65,6,0,0
BRDA:65,6,1,0
BRDA:65,7,0,0
BRDA:65,7,1,0
BRDA:75,8,0,0
BRDA:75,8,1,0
BRDA:75,9,0,0
BRDA:75,9,1,0
BRDA:86,10,0,0
BRDA:86,10,1,0
BRDA:86,11,0,0
BRDA:86,11,1,0
BRDA:96,12,0,0
BRDA:96,12,1,0
BRDA:96,13,0,0
BRDA:96,13,1,0
BRDA:123,14,0,0
BRDA:138,15,0,0
BRDA:151,16,0,0
BRDA:164,17,0,0
BRDA:164,17,1,0
BRDA:164,18,0,0
BRDA:164,18,1,0
BRDA:167,19,0,0
BRDA:167,19,1,0
BRDA:172,20,0,0
BRDA:172,20,1,0
BRDA:172,21,0,0
BRDA:172,21,1,0
BRDA:178,22,0,0
BRDA:178,22,1,0
BRDA:178,23,0,0
BRDA:178,23,1,0
BRDA:189,24,0,0
BRDA:189,24,1,0
BRDA:189,25,0,0
BRDA:189,25,1,0
BRDA:200,26,0,0
BRDA:200,26,1,0
BRDA:200,27,0,0
BRDA:200,27,1,0
BRDA:211,28,0,0
BRDA:211,28,1,0
BRDA:211,29,0,0
BRDA:211,29,1,0
BRDA:222,30,0,0
BRDA:222,30,1,0
BRDA:222,31,0,0
BRDA:222,31,1,0
BRDA:244,32,0,0
BRDA:244,32,1,0
BRDA:244,33,0,0
BRDA:244,33,1,0
BRDA:244,34,0,0
BRDA:244,34,1,0
BRDA:244,35,0,0
BRDA:244,35,1,0
BRDA:244,36,0,0
BRDA:244,36,1,0
BRDA:280,37,0,0
BRDA:280,37,1,0
BRDA:280,38,0,0
BRDA:280,38,1,0
BRDA:280,39,0,0
BRDA:280,39,1,0
BRDA:280,40,0,0
BRDA:280,40,1,0
BRDA:280,41,0,0
BRDA:280,41,1,0
BRDA:309,42,0,0
BRDA:321,43,0,0
BRDA:325,44,0,0
BRF:83
BRH:0
end_of_record
TN:
SF:src/utils/formatRecipeRespons.ts
FN:3,(anonymous_7)
FN:6,(anonymous_8)
FN:18,(anonymous_9)
FN:34,(anonymous_10)
FN:45,(anonymous_11)
FN:52,(anonymous_12)
FN:59,(anonymous_13)
FN:66,(anonymous_14)
FN:73,(anonymous_15)
FN:80,(anonymous_16)
FNF:10
FNH:0
FNDA:0,(anonymous_7)
FNDA:0,(anonymous_8)
FNDA:0,(anonymous_9)
FNDA:0,(anonymous_10)
FNDA:0,(anonymous_11)
FNDA:0,(anonymous_12)
FNDA:0,(anonymous_13)
FNDA:0,(anonymous_14)
FNDA:0,(anonymous_15)
FNDA:0,(anonymous_16)
DA:1,1
DA:3,1
DA:6,0
DA:7,0
DA:8,0
DA:12,0
DA:18,0
DA:21,0
DA:34,0
DA:45,0
DA:52,0
DA:59,0
DA:66,0
DA:73,0
DA:80,0
LF:15
LH:2
BRDA:7,0,0,0
BRDA:18,1,0,0
BRDA:18,1,1,0
BRDA:18,2,0,0
BRDA:18,2,1,0
BRDA:18,3,0,0
BRDA:18,3,1,0
BRDA:18,4,0,0
BRDA:18,4,1,0
BRDA:18,5,0,0
BRDA:18,5,1,0
BRDA:18,6,0,0
BRDA:18,6,1,0
BRDA:18,7,0,0
BRDA:18,7,1,0
BRDA:18,8,0,0
BRDA:18,8,1,0
BRDA:22,9,0,0
BRDA:22,9,1,0
BRDA:22,10,0,0
BRDA:22,10,1,0
BRDA:22,11,0,0
BRDA:22,11,1,0
BRDA:22,12,0,0
BRDA:22,12,1,0
BRDA:23,13,0,0
BRDA:23,13,1,0
BRDA:23,14,0,0
BRDA:23,14,1,0
BRDA:23,15,0,0
BRDA:23,15,1,0
BRDA:23,16,0,0
BRDA:23,16,1,0
BRDA:24,17,0,0
BRDA:24,17,1,0
BRDA:24,18,0,0
BRDA:24,18,1,0
BRDA:24,19,0,0
BRDA:24,19,1,0
BRDA:24,20,0,0
BRDA:24,20,1,0
BRDA:25,21,0,0
BRDA:25,21,1,0
BRDA:25,22,0,0
BRDA:25,22,1,0
BRDA:25,23,0,0
BRDA:25,23,1,0
BRDA:25,24,0,0
BRDA:25,24,1,0
BRDA:26,25,0,0
BRDA:26,25,1,0
BRDA:26,26,0,0
BRDA:26,26,1,0
BRDA:26,27,0,0
BRDA:26,27,1,0
BRDA:26,28,0,0
BRDA:26,28,1,0
BRDA:27,29,0,0
BRDA:27,29,1,0
BRDA:27,30,0,0
BRDA:27,30,1,0
BRDA:27,31,0,0
BRDA:27,31,1,0
BRDA:27,32,0,0
BRDA:27,32,1,0
BRDA:28,33,0,0
BRDA:28,33,1,0
BRDA:28,34,0,0
BRDA:28,34,1,0
BRDA:28,35,0,0
BRDA:28,35,1,0
BRDA:28,36,0,0
BRDA:28,36,1,0
BRDA:28,37,0,0
BRDA:28,37,1,0
BRDA:28,38,0,0
BRDA:28,38,1,0
BRDA:34,39,0,0
BRDA:34,39,1,0
BRDA:34,40,0,0
BRDA:34,40,1,0
BRDA:34,41,0,0
BRDA:34,41,1,0
BRDA:34,42,0,0
BRDA:34,42,1,0
BRDA:34,43,0,0
BRDA:34,43,1,0
BRDA:34,44,0,0
BRDA:34,44,1,0
BRDA:35,45,0,0
BRDA:35,45,1,0
BRDA:35,46,0,0
BRDA:35,46,1,0
BRDA:35,47,0,0
BRDA:35,47,1,0
BRDA:35,48,0,0
BRDA:35,48,1,0
BRDA:35,49,0,0
BRDA:35,49,1,0
BRDA:35,50,0,0
BRDA:35,50,1,0
BRDA:36,51,0,0
BRDA:36,51,1,0
BRDA:36,52,0,0
BRDA:36,52,1,0
BRDA:36,53,0,0
BRDA:36,53,1,0
BRDA:36,54,0,0
BRDA:36,54,1,0
BRDA:36,55,0,0
BRDA:36,55,1,0
BRDA:36,56,0,0
BRDA:36,56,1,0
BRDA:37,57,0,0
BRDA:37,57,1,0
BRDA:37,58,0,0
BRDA:37,58,1,0
BRDA:37,59,0,0
BRDA:37,59,1,0
BRDA:37,60,0,0
BRDA:37,60,1,0
BRDA:37,61,0,0
BRDA:37,61,1,0
BRDA:37,62,0,0
BRDA:37,62,1,0
BRDA:38,63,0,0
BRDA:38,63,1,0
BRDA:38,64,0,0
BRDA:38,64,1,0
BRDA:38,65,0,0
BRDA:38,65,1,0
BRDA:38,66,0,0
BRDA:38,66,1,0
BRDA:39,67,0,0
BRDA:39,67,1,0
BRDA:39,68,0,0
BRDA:39,68,1,0
BRDA:39,69,0,0
BRDA:39,69,1,0
BRDA:39,70,0,0
BRDA:39,70,1,0
BRDA:40,71,0,0
BRDA:40,71,1,0
BRDA:40,72,0,0
BRDA:40,72,1,0
BRDA:40,73,0,0
BRDA:40,73,1,0
BRDA:40,74,0,0
BRDA:40,74,1,0
BRDA:45,75,0,0
BRDA:45,75,1,0
BRDA:45,76,0,0
BRDA:45,76,1,0
BRDA:45,77,0,0
BRDA:45,77,1,0
BRDA:45,78,0,0
BRDA:45,78,1,0
BRDA:45,79,0,0
BRDA:45,79,1,0
BRDA:45,80,0,0
BRDA:45,80,1,0
BRDA:46,81,0,0
BRDA:46,81,1,0
BRDA:46,82,0,0
BRDA:46,82,1,0
BRDA:46,83,0,0
BRDA:46,83,1,0
BRDA:46,84,0,0
BRDA:46,84,1,0
BRDA:46,85,0,0
BRDA:46,85,1,0
BRDA:46,86,0,0
BRDA:46,86,1,0
BRDA:47,87,0,0
BRDA:47,87,1,0
BRDA:47,88,0,0
BRDA:47,88,1,0
BRDA:47,89,0,0
BRDA:47,89,1,0
BRDA:47,90,0,0
BRDA:47,90,1,0
BRDA:52,91,0,0
BRDA:52,91,1,0
BRDA:52,92,0,0
BRDA:52,92,1,0
BRDA:52,93,0,0
BRDA:52,93,1,0
BRDA:52,94,0,0
BRDA:52,94,1,0
BRDA:52,95,0,0
BRDA:52,95,1,0
BRDA:52,96,0,0
BRDA:52,96,1,0
BRDA:53,97,0,0
BRDA:53,97,1,0
BRDA:53,98,0,0
BRDA:53,98,1,0
BRDA:53,99,0,0
BRDA:53,99,1,0
BRDA:53,100,0,0
BRDA:53,100,1,0
BRDA:53,101,0,0
BRDA:53,101,1,0
BRDA:53,102,0,0
BRDA:53,102,1,0
BRDA:54,103,0,0
BRDA:54,103,1,0
BRDA:54,104,0,0
BRDA:54,104,1,0
BRDA:54,105,0,0
BRDA:54,105,1,0
BRDA:54,106,0,0
BRDA:54,106,1,0
BRDA:54,107,0,0
BRDA:54,107,1,0
BRDA:54,108,0,0
BRDA:54,108,1,0
BRDA:59,109,0,0
BRDA:59,109,1,0
BRDA:59,110,0,0
BRDA:59,110,1,0
BRDA:59,111,0,0
BRDA:59,111,1,0
BRDA:59,112,0,0
BRDA:59,112,1,0
BRDA:59,113,0,0
BRDA:59,113,1,0
BRDA:59,114,0,0
BRDA:59,114,1,0
BRDA:60,115,0,0
BRDA:60,115,1,0
BRDA:60,116,0,0
BRDA:60,116,1,0
BRDA:60,117,0,0
BRDA:60,117,1,0
BRDA:60,118,0,0
BRDA:60,118,1,0
BRDA:60,119,0,0
BRDA:60,119,1,0
BRDA:60,120,0,0
BRDA:60,120,1,0
BRDA:61,121,0,0
BRDA:61,121,1,0
BRDA:61,122,0,0
BRDA:61,122,1,0
BRDA:61,123,0,0
BRDA:61,123,1,0
BRDA:61,124,0,0
BRDA:61,124,1,0
BRDA:61,125,0,0
BRDA:61,125,1,0
BRDA:61,126,0,0
BRDA:61,126,1,0
BRDA:66,127,0,0
BRDA:66,127,1,0
BRDA:66,128,0,0
BRDA:66,128,1,0
BRDA:66,129,0,0
BRDA:66,129,1,0
BRDA:66,130,0,0
BRDA:66,130,1,0
BRDA:66,131,0,0
BRDA:66,131,1,0
BRDA:66,132,0,0
BRDA:66,132,1,0
BRDA:67,133,0,0
BRDA:67,133,1,0
BRDA:67,134,0,0
BRDA:67,134,1,0
BRDA:67,135,0,0
BRDA:67,135,1,0
BRDA:67,136,0,0
BRDA:67,136,1,0
BRDA:67,137,0,0
BRDA:67,137,1,0
BRDA:67,138,0,0
BRDA:67,138,1,0
BRDA:68,139,0,0
BRDA:68,139,1,0
BRDA:68,140,0,0
BRDA:68,140,1,0
BRDA:68,141,0,0
BRDA:68,141,1,0
BRDA:68,142,0,0
BRDA:68,142,1,0
BRDA:68,143,0,0
BRDA:68,143,1,0
BRDA:68,144,0,0
BRDA:68,144,1,0
BRDA:73,145,0,0
BRDA:73,145,1,0
BRDA:73,146,0,0
BRDA:73,146,1,0
BRDA:73,147,0,0
BRDA:73,147,1,0
BRDA:73,148,0,0
BRDA:73,148,1,0
BRDA:73,149,0,0
BRDA:73,149,1,0
BRDA:73,150,0,0
BRDA:73,150,1,0
BRDA:74,151,0,0
BRDA:74,151,1,0
BRDA:74,152,0,0
BRDA:74,152,1,0
BRDA:74,153,0,0
BRDA:74,153,1,0
BRDA:74,154,0,0
BRDA:74,154,1,0
BRDA:74,155,0,0
BRDA:74,155,1,0
BRDA:74,156,0,0
BRDA:74,156,1,0
BRDA:75,157,0,0
BRDA:75,157,1,0
BRDA:75,158,0,0
BRDA:75,158,1,0
BRDA:75,159,0,0
BRDA:75,159,1,0
BRDA:75,160,0,0
BRDA:75,160,1,0
BRDA:75,161,0,0
BRDA:75,161,1,0
BRDA:75,162,0,0
BRDA:75,162,1,0
BRDA:80,163,0,0
BRDA:80,163,1,0
BRDA:80,164,0,0
BRDA:80,164,1,0
BRDA:80,165,0,0
BRDA:80,165,1,0
BRDA:80,166,0,0
BRDA:80,166,1,0
BRDA:80,167,0,0
BRDA:80,167,1,0
BRDA:80,168,0,0
BRDA:80,168,1,0
BRDA:81,169,0,0
BRDA:81,169,1,0
BRDA:81,170,0,0
BRDA:81,170,1,0
BRDA:81,171,0,0
BRDA:81,171,1,0
BRDA:81,172,0,0
BRDA:81,172,1,0
BRDA:81,173,0,0
BRDA:81,173,1,0
BRDA:81,174,0,0
BRDA:81,174,1,0
BRDA:82,175,0,0
BRDA:82,175,1,0
BRDA:82,176,0,0
BRDA:82,176,1,0
BRDA:82,177,0,0
BRDA:82,177,1,0
BRDA:82,178,0,0
BRDA:82,178,1,0
BRDA:82,179,0,0
BRDA:82,179,1,0
BRDA:82,180,0,0
BRDA:82,180,1,0
BRDA:85,181,0,0
BRDA:85,181,1,0
BRDA:85,182,0,0
BRDA:85,182,1,0
BRDA:85,183,0,0
BRDA:85,183,1,0
BRDA:85,184,0,0
BRDA:85,184,1,0
BRDA:86,185,0,0
BRDA:86,185,1,0
BRDA:86,186,0,0
BRDA:86,186,1,0
BRDA:86,187,0,0
BRDA:86,187,1,0
BRDA:86,188,0,0
BRDA:86,188,1,0
BRF:377
BRH:0
end_of_record
